<?xml version="1.0" ?>
<coverage branch-rate="0" branches-covered="0" branches-valid="0" complexity="0" line-rate="0.807" lines-covered="2480" lines-valid="3073" timestamp="1590339513993" version="5.0">
	<!-- Generated by coverage.py: https://coverage.readthedocs.io -->
	<!-- Based on https://raw.githubusercontent.com/cobertura/web/master/htdocs/xml/coverage-04.dtd -->
	<sources>
		<source>/var/lib/jenkins/workspace/sherlock_release_2.1.2</source>
	</sources>
	<packages>
		<package branch-rate="0" complexity="0" line-rate="0.7645" name="sherlock">
			<classes>
				<class branch-rate="0" complexity="0" filename="sherlock/__init__.py" line-rate="1" name="__init__.py">
					<methods/>
					<lines>
						<line hits="1" number="1"/>
						<line hits="1" number="2"/>
						<line hits="1" number="3"/>
						<line hits="1" number="4"/>
						<line hits="1" number="5"/>
						<line hits="1" number="6"/>
						<line hits="1" number="7"/>
						<line hits="1" number="8"/>
						<line hits="1" number="9"/>
					</lines>
				</class>
				<class branch-rate="0" complexity="0" filename="sherlock/catalogue_conesearch.py" line-rate="1" name="catalogue_conesearch.py">
					<methods/>
					<lines>
						<line hits="1" number="3"/>
						<line hits="1" number="11"/>
						<line hits="1" number="12"/>
						<line hits="1" number="13"/>
						<line hits="1" number="14"/>
						<line hits="1" number="15"/>
						<line hits="1" number="16"/>
						<line hits="1" number="17"/>
						<line hits="1" number="18"/>
						<line hits="1" number="19"/>
						<line hits="1" number="21"/>
						<line hits="1" number="144"/>
						<line hits="1" number="159"/>
						<line hits="1" number="160"/>
						<line hits="1" number="161"/>
						<line hits="1" number="162"/>
						<line hits="1" number="163"/>
						<line hits="1" number="164"/>
						<line hits="1" number="165"/>
						<line hits="1" number="166"/>
						<line hits="1" number="167"/>
						<line hits="1" number="168"/>
						<line hits="1" number="169"/>
						<line hits="1" number="173"/>
						<line hits="1" number="174"/>
						<line hits="1" number="175"/>
						<line hits="1" number="177"/>
						<line hits="1" number="178"/>
						<line hits="1" number="180"/>
						<line hits="1" number="184"/>
						<line hits="1" number="185"/>
						<line hits="1" number="186"/>
						<line hits="1" number="187"/>
						<line hits="1" number="188"/>
						<line hits="1" number="190"/>
						<line hits="1" number="192"/>
						<line hits="1" number="193"/>
						<line hits="1" number="196"/>
						<line hits="1" number="200"/>
						<line hits="1" number="201"/>
						<line hits="1" number="203"/>
						<line hits="1" number="205"/>
						<line hits="1" number="230"/>
						<line hits="1" number="233"/>
						<line hits="1" number="234"/>
						<line hits="1" number="235"/>
						<line hits="1" number="237"/>
						<line hits="1" number="239"/>
						<line hits="1" number="240"/>
						<line hits="1" number="241"/>
						<line hits="1" number="242"/>
						<line hits="1" number="243"/>
						<line hits="1" number="244"/>
						<line hits="1" number="245"/>
						<line hits="1" number="247"/>
						<line hits="1" number="248"/>
						<line hits="1" number="249"/>
						<line hits="1" number="250"/>
						<line hits="1" number="251"/>
						<line hits="1" number="252"/>
						<line hits="1" number="254"/>
						<line hits="1" number="255"/>
						<line hits="1" number="256"/>
						<line hits="1" number="257"/>
						<line hits="1" number="259"/>
						<line hits="1" number="260"/>
						<line hits="1" number="264"/>
						<line hits="1" number="265"/>
						<line hits="1" number="266"/>
						<line hits="1" number="267"/>
						<line hits="1" number="268"/>
						<line hits="1" number="269"/>
						<line hits="1" number="271"/>
						<line hits="1" number="286"/>
						<line hits="1" number="289"/>
						<line hits="1" number="290"/>
						<line hits="1" number="292"/>
						<line hits="1" number="293"/>
					</lines>
				</class>
				<class branch-rate="0" complexity="0" filename="sherlock/cl_utils.py" line-rate="0.3248" name="cl_utils.py">
					<methods/>
					<lines>
						<line hits="1" number="3"/>
						<line hits="1" number="48"/>
						<line hits="1" number="49"/>
						<line hits="1" number="50"/>
						<line hits="1" number="51"/>
						<line hits="1" number="52"/>
						<line hits="1" number="53"/>
						<line hits="1" number="54"/>
						<line hits="1" number="55"/>
						<line hits="1" number="56"/>
						<line hits="1" number="57"/>
						<line hits="1" number="58"/>
						<line hits="1" number="59"/>
						<line hits="1" number="60"/>
						<line hits="1" number="61"/>
						<line hits="1" number="62"/>
						<line hits="1" number="63"/>
						<line hits="1" number="64"/>
						<line hits="1" number="65"/>
						<line hits="1" number="66"/>
						<line hits="1" number="67"/>
						<line hits="1" number="70"/>
						<line hits="0" number="71"/>
						<line hits="1" number="74"/>
						<line hits="1" number="79"/>
						<line hits="1" number="88"/>
						<line hits="1" number="91"/>
						<line hits="1" number="92"/>
						<line hits="1" number="93"/>
						<line hits="1" number="97"/>
						<line hits="1" number="98"/>
						<line hits="1" number="99"/>
						<line hits="1" number="100"/>
						<line hits="1" number="102"/>
						<line hits="1" number="103"/>
						<line hits="1" number="104"/>
						<line hits="0" number="105"/>
						<line hits="0" number="106"/>
						<line hits="1" number="107"/>
						<line hits="1" number="110"/>
						<line hits="1" number="111"/>
						<line hits="1" number="116"/>
						<line hits="0" number="119"/>
						<line hits="0" number="120"/>
						<line hits="0" number="121"/>
						<line hits="0" number="122"/>
						<line hits="0" number="123"/>
						<line hits="0" number="124"/>
						<line hits="0" number="125"/>
						<line hits="0" number="126"/>
						<line hits="0" number="127"/>
						<line hits="0" number="128"/>
						<line hits="0" number="129"/>
						<line hits="0" number="136"/>
						<line hits="0" number="137"/>
						<line hits="0" number="138"/>
						<line hits="0" number="139"/>
						<line hits="0" number="140"/>
						<line hits="0" number="141"/>
						<line hits="1" number="143"/>
						<line hits="1" number="144"/>
						<line hits="1" number="145"/>
						<line hits="1" number="146"/>
						<line hits="1" number="147"/>
						<line hits="1" number="148"/>
						<line hits="1" number="149"/>
						<line hits="0" number="150"/>
						<line hits="0" number="151"/>
						<line hits="1" number="152"/>
						<line hits="1" number="153"/>
						<line hits="1" number="154"/>
						<line hits="0" number="155"/>
						<line hits="0" number="156"/>
						<line hits="1" number="157"/>
						<line hits="0" number="159"/>
						<line hits="0" number="160"/>
						<line hits="0" number="161"/>
						<line hits="0" number="162"/>
						<line hits="0" number="163"/>
						<line hits="0" number="164"/>
						<line hits="0" number="165"/>
						<line hits="0" number="166"/>
						<line hits="0" number="167"/>
						<line hits="0" number="168"/>
						<line hits="0" number="169"/>
						<line hits="0" number="170"/>
						<line hits="0" number="171"/>
						<line hits="0" number="172"/>
						<line hits="0" number="173"/>
						<line hits="0" number="174"/>
						<line hits="0" number="175"/>
						<line hits="0" number="176"/>
						<line hits="0" number="177"/>
						<line hits="0" number="178"/>
						<line hits="0" number="181"/>
						<line hits="0" number="182"/>
						<line hits="0" number="183"/>
						<line hits="0" number="185"/>
						<line hits="0" number="187"/>
						<line hits="0" number="188"/>
						<line hits="0" number="190"/>
						<line hits="0" number="192"/>
						<line hits="0" number="193"/>
						<line hits="0" number="195"/>
						<line hits="0" number="197"/>
						<line hits="0" number="208"/>
						<line hits="0" number="210"/>
						<line hits="0" number="211"/>
						<line hits="0" number="215"/>
						<line hits="0" number="216"/>
						<line hits="0" number="217"/>
						<line hits="0" number="221"/>
						<line hits="0" number="223"/>
						<line hits="0" number="224"/>
						<line hits="0" number="230"/>
						<line hits="0" number="231"/>
						<line hits="0" number="233"/>
						<line hits="0" number="234"/>
						<line hits="0" number="241"/>
						<line hits="0" number="243"/>
						<line hits="0" number="244"/>
						<line hits="0" number="251"/>
						<line hits="0" number="252"/>
						<line hits="0" number="253"/>
						<line hits="0" number="254"/>
						<line hits="0" number="258"/>
						<line hits="0" number="259"/>
						<line hits="0" number="261"/>
						<line hits="0" number="269"/>
						<line hits="0" number="271"/>
						<line hits="0" number="272"/>
						<line hits="0" number="273"/>
						<line hits="0" number="277"/>
						<line hits="0" number="279"/>
						<line hits="0" number="283"/>
						<line hits="0" number="284"/>
						<line hits="0" number="285"/>
						<line hits="0" number="287"/>
						<line hits="0" number="288"/>
						<line hits="0" number="289"/>
						<line hits="0" number="293"/>
						<line hits="0" number="294"/>
						<line hits="0" number="295"/>
						<line hits="0" number="297"/>
						<line hits="0" number="299"/>
						<line hits="0" number="300"/>
						<line hits="0" number="304"/>
						<line hits="0" number="305"/>
						<line hits="0" number="307"/>
						<line hits="0" number="308"/>
						<line hits="0" number="309"/>
						<line hits="0" number="311"/>
						<line hits="0" number="312"/>
						<line hits="0" number="313"/>
						<line hits="0" number="316"/>
						<line hits="1" number="318"/>
						<line hits="0" number="319"/>
					</lines>
				</class>
				<class branch-rate="0" complexity="0" filename="sherlock/database.py" line-rate="0.9302" name="database.py">
					<methods/>
					<lines>
						<line hits="1" number="3"/>
						<line hits="1" number="9"/>
						<line hits="1" number="10"/>
						<line hits="1" number="11"/>
						<line hits="1" number="12"/>
						<line hits="1" number="13"/>
						<line hits="1" number="14"/>
						<line hits="1" number="15"/>
						<line hits="1" number="16"/>
						<line hits="1" number="17"/>
						<line hits="1" number="18"/>
						<line hits="1" number="20"/>
						<line hits="1" number="21"/>
						<line hits="1" number="23"/>
						<line hits="1" number="71"/>
						<line hits="1" number="77"/>
						<line hits="1" number="78"/>
						<line hits="1" number="79"/>
						<line hits="1" number="80"/>
						<line hits="1" number="82"/>
						<line hits="1" number="103"/>
						<line hits="1" number="106"/>
						<line hits="1" number="110"/>
						<line hits="1" number="112"/>
						<line hits="0" number="115"/>
						<line hits="1" number="117"/>
						<line hits="1" number="118"/>
						<line hits="1" number="119"/>
						<line hits="1" number="120"/>
						<line hits="1" number="121"/>
						<line hits="1" number="125"/>
						<line hits="1" number="127"/>
						<line hits="1" number="128"/>
						<line hits="1" number="129"/>
						<line hits="1" number="130"/>
						<line hits="1" number="131"/>
						<line hits="1" number="142"/>
						<line hits="1" number="143"/>
						<line hits="0" number="145"/>
						<line hits="1" number="148"/>
						<line hits="1" number="153"/>
						<line hits="1" number="154"/>
						<line hits="1" number="155"/>
						<line hits="1" number="156"/>
						<line hits="1" number="159"/>
						<line hits="1" number="165"/>
						<line hits="1" number="166"/>
						<line hits="0" number="168"/>
						<line hits="1" number="170"/>
						<line hits="1" number="171"/>
						<line hits="1" number="173"/>
						<line hits="1" number="199"/>
						<line hits="1" number="202"/>
						<line hits="1" number="203"/>
						<line hits="1" number="205"/>
						<line hits="1" number="206"/>
						<line hits="1" number="209"/>
						<line hits="1" number="210"/>
						<line hits="1" number="211"/>
						<line hits="1" number="213"/>
						<line hits="1" number="214"/>
						<line hits="1" number="215"/>
						<line hits="1" number="216"/>
						<line hits="1" number="219"/>
						<line hits="1" number="220"/>
						<line hits="1" number="221"/>
						<line hits="1" number="222"/>
						<line hits="1" number="224"/>
						<line hits="1" number="225"/>
						<line hits="1" number="226"/>
						<line hits="0" number="227"/>
						<line hits="0" number="229"/>
						<line hits="1" number="230"/>
						<line hits="1" number="232"/>
						<line hits="1" number="245"/>
						<line hits="1" number="248"/>
						<line hits="1" number="249"/>
						<line hits="1" number="250"/>
						<line hits="1" number="252"/>
						<line hits="1" number="253"/>
						<line hits="1" number="254"/>
						<line hits="1" number="256"/>
						<line hits="1" number="257"/>
						<line hits="1" number="258"/>
						<line hits="1" number="260"/>
						<line hits="0" number="262"/>
					</lines>
				</class>
				<class branch-rate="0" complexity="0" filename="sherlock/database_cleaner.py" line-rate="0.7445" name="database_cleaner.py">
					<methods/>
					<lines>
						<line hits="1" number="3"/>
						<line hits="1" number="9"/>
						<line hits="1" number="10"/>
						<line hits="1" number="11"/>
						<line hits="1" number="12"/>
						<line hits="1" number="13"/>
						<line hits="1" number="14"/>
						<line hits="1" number="15"/>
						<line hits="1" number="16"/>
						<line hits="1" number="17"/>
						<line hits="1" number="18"/>
						<line hits="1" number="19"/>
						<line hits="1" number="21"/>
						<line hits="1" number="61"/>
						<line hits="1" number="67"/>
						<line hits="1" number="68"/>
						<line hits="1" number="69"/>
						<line hits="1" number="74"/>
						<line hits="1" number="75"/>
						<line hits="1" number="79"/>
						<line hits="1" number="80"/>
						<line hits="1" number="81"/>
						<line hits="1" number="83"/>
						<line hits="1" number="85"/>
						<line hits="1" number="98"/>
						<line hits="1" number="100"/>
						<line hits="1" number="101"/>
						<line hits="1" number="102"/>
						<line hits="1" number="103"/>
						<line hits="1" number="104"/>
						<line hits="1" number="105"/>
						<line hits="1" number="106"/>
						<line hits="1" number="108"/>
						<line hits="1" number="110"/>
						<line hits="1" number="111"/>
						<line hits="1" number="113"/>
						<line hits="1" number="127"/>
						<line hits="1" number="130"/>
						<line hits="1" number="133"/>
						<line hits="1" number="140"/>
						<line hits="0" number="141"/>
						<line hits="0" number="143"/>
						<line hits="0" number="146"/>
						<line hits="1" number="152"/>
						<line hits="1" number="155"/>
						<line hits="1" number="162"/>
						<line hits="0" number="163"/>
						<line hits="0" number="164"/>
						<line hits="0" number="166"/>
						<line hits="0" number="169"/>
						<line hits="1" number="175"/>
						<line hits="1" number="177"/>
						<line hits="1" number="179"/>
						<line hits="1" number="193"/>
						<line hits="1" number="196"/>
						<line hits="1" number="199"/>
						<line hits="1" number="205"/>
						<line hits="1" number="206"/>
						<line hits="1" number="207"/>
						<line hits="1" number="208"/>
						<line hits="1" number="210"/>
						<line hits="1" number="213"/>
						<line hits="1" number="220"/>
						<line hits="1" number="223"/>
						<line hits="1" number="229"/>
						<line hits="1" number="230"/>
						<line hits="1" number="231"/>
						<line hits="0" number="232"/>
						<line hits="1" number="234"/>
						<line hits="0" number="235"/>
						<line hits="0" number="236"/>
						<line hits="0" number="237"/>
						<line hits="0" number="238"/>
						<line hits="1" number="240"/>
						<line hits="0" number="241"/>
						<line hits="0" number="242"/>
						<line hits="0" number="243"/>
						<line hits="0" number="244"/>
						<line hits="0" number="253"/>
						<line hits="0" number="258"/>
						<line hits="1" number="260"/>
						<line hits="1" number="262"/>
						<line hits="1" number="264"/>
						<line hits="1" number="278"/>
						<line hits="1" number="280"/>
						<line hits="1" number="288"/>
						<line hits="1" number="289"/>
						<line hits="1" number="296"/>
						<line hits="1" number="299"/>
						<line hits="1" number="306"/>
						<line hits="0" number="307"/>
						<line hits="0" number="308"/>
						<line hits="0" number="310"/>
						<line hits="0" number="313"/>
						<line hits="1" number="320"/>
						<line hits="1" number="323"/>
						<line hits="1" number="330"/>
						<line hits="0" number="331"/>
						<line hits="0" number="332"/>
						<line hits="0" number="333"/>
						<line hits="0" number="334"/>
						<line hits="0" number="336"/>
						<line hits="0" number="339"/>
						<line hits="1" number="345"/>
						<line hits="1" number="346"/>
						<line hits="1" number="348"/>
						<line hits="1" number="362"/>
						<line hits="1" number="365"/>
						<line hits="1" number="368"/>
						<line hits="1" number="374"/>
						<line hits="1" number="375"/>
						<line hits="1" number="376"/>
						<line hits="1" number="377"/>
						<line hits="1" number="379"/>
						<line hits="1" number="382"/>
						<line hits="1" number="389"/>
						<line hits="1" number="392"/>
						<line hits="1" number="398"/>
						<line hits="1" number="399"/>
						<line hits="0" number="400"/>
						<line hits="1" number="402"/>
						<line hits="0" number="403"/>
						<line hits="0" number="404"/>
						<line hits="0" number="405"/>
						<line hits="0" number="406"/>
						<line hits="0" number="415"/>
						<line hits="0" number="420"/>
						<line hits="1" number="422"/>
						<line hits="1" number="424"/>
						<line hits="1" number="426"/>
						<line hits="1" number="459"/>
						<line hits="1" number="461"/>
						<line hits="1" number="526"/>
						<line hits="1" number="532"/>
						<line hits="1" number="545"/>
						<line hits="1" number="551"/>
						<line hits="1" number="552"/>
					</lines>
				</class>
				<class branch-rate="0" complexity="0" filename="sherlock/transient_catalogue_crossmatch.py" line-rate="0.9211" name="transient_catalogue_crossmatch.py">
					<methods/>
					<lines>
						<line hits="1" number="3"/>
						<line hits="1" number="9"/>
						<line hits="1" number="10"/>
						<line hits="1" number="11"/>
						<line hits="1" number="12"/>
						<line hits="1" number="13"/>
						<line hits="1" number="14"/>
						<line hits="1" number="15"/>
						<line hits="1" number="16"/>
						<line hits="1" number="17"/>
						<line hits="1" number="18"/>
						<line hits="1" number="19"/>
						<line hits="1" number="20"/>
						<line hits="1" number="21"/>
						<line hits="1" number="22"/>
						<line hits="1" number="25"/>
						<line hits="1" number="74"/>
						<line hits="1" number="83"/>
						<line hits="1" number="84"/>
						<line hits="1" number="85"/>
						<line hits="1" number="86"/>
						<line hits="1" number="87"/>
						<line hits="1" number="88"/>
						<line hits="1" number="90"/>
						<line hits="0" number="91"/>
						<line hits="1" number="97"/>
						<line hits="1" number="99"/>
						<line hits="1" number="120"/>
						<line hits="1" number="122"/>
						<line hits="1" number="125"/>
						<line hits="1" number="126"/>
						<line hits="1" number="129"/>
						<line hits="1" number="132"/>
						<line hits="1" number="133"/>
						<line hits="1" number="134"/>
						<line hits="1" number="139"/>
						<line hits="1" number="140"/>
						<line hits="1" number="141"/>
						<line hits="1" number="142"/>
						<line hits="1" number="143"/>
						<line hits="1" number="144"/>
						<line hits="0" number="145"/>
						<line hits="1" number="146"/>
						<line hits="1" number="147"/>
						<line hits="1" number="149"/>
						<line hits="1" number="151"/>
						<line hits="1" number="160"/>
						<line hits="1" number="163"/>
						<line hits="1" number="172"/>
						<line hits="1" number="173"/>
						<line hits="1" number="175"/>
						<line hits="1" number="176"/>
						<line hits="1" number="179"/>
						<line hits="1" number="180"/>
						<line hits="1" number="186"/>
						<line hits="1" number="187"/>
						<line hits="1" number="188"/>
						<line hits="1" number="189"/>
						<line hits="1" number="190"/>
						<line hits="1" number="191"/>
						<line hits="1" number="192"/>
						<line hits="0" number="193"/>
						<line hits="1" number="194"/>
						<line hits="1" number="197"/>
						<line hits="1" number="199"/>
						<line hits="1" number="208"/>
						<line hits="1" number="212"/>
						<line hits="1" number="221"/>
						<line hits="1" number="222"/>
						<line hits="1" number="223"/>
						<line hits="1" number="225"/>
						<line hits="1" number="226"/>
						<line hits="1" number="229"/>
						<line hits="1" number="230"/>
						<line hits="1" number="236"/>
						<line hits="1" number="237"/>
						<line hits="1" number="238"/>
						<line hits="1" number="239"/>
						<line hits="1" number="240"/>
						<line hits="1" number="241"/>
						<line hits="0" number="242"/>
						<line hits="1" number="243"/>
						<line hits="1" number="244"/>
						<line hits="0" number="246"/>
						<line hits="0" number="248"/>
						<line hits="0" number="249"/>
						<line hits="1" number="258"/>
						<line hits="1" number="261"/>
						<line hits="1" number="262"/>
						<line hits="1" number="271"/>
						<line hits="0" number="272"/>
						<line hits="1" number="274"/>
						<line hits="1" number="275"/>
						<line hits="1" number="277"/>
						<line hits="1" number="368"/>
						<line hits="1" number="371"/>
						<line hits="1" number="374"/>
						<line hits="1" number="380"/>
						<line hits="1" number="381"/>
						<line hits="1" number="382"/>
						<line hits="1" number="384"/>
						<line hits="1" number="386"/>
						<line hits="1" number="387"/>
						<line hits="1" number="389"/>
						<line hits="1" number="390"/>
						<line hits="1" number="391"/>
						<line hits="1" number="393"/>
						<line hits="0" number="395"/>
						<line hits="1" number="398"/>
						<line hits="1" number="399"/>
						<line hits="1" number="400"/>
						<line hits="1" number="401"/>
						<line hits="1" number="402"/>
						<line hits="1" number="403"/>
						<line hits="1" number="404"/>
						<line hits="1" number="405"/>
						<line hits="1" number="406"/>
						<line hits="1" number="408"/>
						<line hits="1" number="409"/>
						<line hits="1" number="410"/>
						<line hits="1" number="411"/>
						<line hits="1" number="412"/>
						<line hits="1" number="413"/>
						<line hits="1" number="414"/>
						<line hits="1" number="415"/>
						<line hits="1" number="416"/>
						<line hits="1" number="419"/>
						<line hits="1" number="420"/>
						<line hits="1" number="422"/>
						<line hits="1" number="423"/>
						<line hits="1" number="424"/>
						<line hits="1" number="425"/>
						<line hits="1" number="427"/>
						<line hits="1" number="428"/>
						<line hits="1" number="430"/>
						<line hits="1" number="446"/>
						<line hits="1" number="447"/>
						<line hits="1" number="448"/>
						<line hits="1" number="450"/>
						<line hits="1" number="453"/>
						<line hits="1" number="454"/>
						<line hits="1" number="457"/>
						<line hits="1" number="464"/>
						<line hits="1" number="466"/>
						<line hits="1" number="467"/>
						<line hits="1" number="468"/>
						<line hits="1" number="470"/>
						<line hits="1" number="471"/>
						<line hits="1" number="472"/>
						<line hits="1" number="473"/>
						<line hits="1" number="475"/>
						<line hits="1" number="477"/>
						<line hits="1" number="479"/>
						<line hits="1" number="480"/>
						<line hits="1" number="481"/>
						<line hits="1" number="482"/>
						<line hits="1" number="483"/>
						<line hits="1" number="484"/>
						<line hits="1" number="486"/>
						<line hits="1" number="492"/>
						<line hits="1" number="494"/>
						<line hits="1" number="497"/>
						<line hits="1" number="498"/>
						<line hits="1" number="505"/>
						<line hits="1" number="506"/>
						<line hits="1" number="514"/>
						<line hits="0" number="515"/>
						<line hits="0" number="516"/>
						<line hits="0" number="517"/>
						<line hits="0" number="518"/>
						<line hits="0" number="519"/>
						<line hits="0" number="520"/>
						<line hits="0" number="521"/>
						<line hits="1" number="523"/>
						<line hits="1" number="526"/>
						<line hits="1" number="529"/>
						<line hits="1" number="531"/>
						<line hits="1" number="562"/>
						<line hits="1" number="565"/>
						<line hits="1" number="566"/>
						<line hits="1" number="567"/>
						<line hits="1" number="568"/>
						<line hits="1" number="569"/>
						<line hits="1" number="570"/>
						<line hits="1" number="571"/>
						<line hits="1" number="572"/>
						<line hits="1" number="573"/>
						<line hits="1" number="576"/>
						<line hits="1" number="578"/>
						<line hits="1" number="579"/>
						<line hits="1" number="580"/>
						<line hits="1" number="581"/>
						<line hits="1" number="583"/>
						<line hits="1" number="584"/>
						<line hits="1" number="591"/>
						<line hits="1" number="592"/>
						<line hits="1" number="593"/>
						<line hits="1" number="594"/>
						<line hits="1" number="595"/>
						<line hits="1" number="597"/>
						<line hits="1" number="598"/>
						<line hits="1" number="601"/>
						<line hits="1" number="602"/>
						<line hits="1" number="604"/>
						<line hits="1" number="605"/>
						<line hits="1" number="606"/>
						<line hits="1" number="607"/>
						<line hits="1" number="610"/>
						<line hits="1" number="611"/>
						<line hits="1" number="612"/>
						<line hits="1" number="613"/>
						<line hits="1" number="614"/>
						<line hits="1" number="615"/>
						<line hits="1" number="616"/>
						<line hits="1" number="618"/>
						<line hits="1" number="620"/>
						<line hits="1" number="621"/>
						<line hits="1" number="623"/>
						<line hits="1" number="624"/>
						<line hits="1" number="625"/>
						<line hits="1" number="626"/>
						<line hits="1" number="629"/>
						<line hits="1" number="631"/>
						<line hits="1" number="632"/>
						<line hits="1" number="634"/>
						<line hits="1" number="635"/>
						<line hits="1" number="638"/>
						<line hits="1" number="640"/>
						<line hits="1" number="642"/>
						<line hits="1" number="644"/>
						<line hits="1" number="675"/>
						<line hits="1" number="677"/>
						<line hits="1" number="678"/>
						<line hits="1" number="681"/>
						<line hits="1" number="682"/>
						<line hits="1" number="683"/>
						<line hits="1" number="684"/>
						<line hits="1" number="685"/>
						<line hits="1" number="686"/>
						<line hits="1" number="687"/>
						<line hits="1" number="689"/>
						<line hits="1" number="690"/>
						<line hits="1" number="692"/>
						<line hits="1" number="725"/>
						<line hits="1" number="727"/>
						<line hits="1" number="728"/>
						<line hits="1" number="731"/>
						<line hits="1" number="732"/>
						<line hits="1" number="733"/>
						<line hits="0" number="734"/>
						<line hits="1" number="736"/>
						<line hits="1" number="737"/>
						<line hits="1" number="738"/>
						<line hits="1" number="739"/>
						<line hits="1" number="740"/>
						<line hits="1" number="742"/>
						<line hits="1" number="743"/>
						<line hits="1" number="745"/>
						<line hits="1" number="796"/>
						<line hits="1" number="799"/>
						<line hits="1" number="801"/>
						<line hits="1" number="803"/>
						<line hits="1" number="804"/>
						<line hits="1" number="805"/>
						<line hits="1" number="806"/>
						<line hits="1" number="807"/>
						<line hits="1" number="808"/>
						<line hits="0" number="809"/>
						<line hits="1" number="811"/>
						<line hits="0" number="813"/>
						<line hits="0" number="814"/>
						<line hits="0" number="815"/>
						<line hits="0" number="816"/>
						<line hits="0" number="817"/>
						<line hits="0" number="819"/>
						<line hits="1" number="821"/>
						<line hits="1" number="822"/>
						<line hits="1" number="825"/>
						<line hits="1" number="826"/>
						<line hits="1" number="829"/>
						<line hits="1" number="840"/>
						<line hits="1" number="841"/>
						<line hits="1" number="842"/>
						<line hits="1" number="843"/>
						<line hits="1" number="844"/>
						<line hits="1" number="849"/>
						<line hits="1" number="850"/>
						<line hits="1" number="851"/>
						<line hits="1" number="852"/>
						<line hits="1" number="855"/>
						<line hits="1" number="859"/>
						<line hits="1" number="860"/>
						<line hits="1" number="861"/>
						<line hits="1" number="862"/>
						<line hits="1" number="863"/>
						<line hits="1" number="864"/>
						<line hits="1" number="867"/>
						<line hits="1" number="868"/>
						<line hits="1" number="869"/>
						<line hits="1" number="870"/>
						<line hits="1" number="872"/>
						<line hits="1" number="873"/>
						<line hits="1" number="874"/>
						<line hits="1" number="875"/>
						<line hits="1" number="876"/>
						<line hits="1" number="878"/>
						<line hits="1" number="879"/>
						<line hits="1" number="881"/>
						<line hits="1" number="883"/>
						<line hits="1" number="884"/>
						<line hits="1" number="887"/>
						<line hits="0" number="888"/>
						<line hits="1" number="890"/>
						<line hits="1" number="892"/>
						<line hits="1" number="893"/>
						<line hits="1" number="896"/>
						<line hits="1" number="899"/>
					</lines>
				</class>
				<class branch-rate="0" complexity="0" filename="sherlock/transient_classifier.py" line-rate="0.7497" name="transient_classifier.py">
					<methods/>
					<lines>
						<line hits="1" number="3"/>
						<line hits="1" number="9"/>
						<line hits="1" number="10"/>
						<line hits="1" number="11"/>
						<line hits="1" number="12"/>
						<line hits="1" number="13"/>
						<line hits="1" number="14"/>
						<line hits="1" number="15"/>
						<line hits="1" number="16"/>
						<line hits="1" number="17"/>
						<line hits="1" number="18"/>
						<line hits="1" number="19"/>
						<line hits="1" number="20"/>
						<line hits="1" number="21"/>
						<line hits="1" number="22"/>
						<line hits="1" number="23"/>
						<line hits="1" number="24"/>
						<line hits="1" number="25"/>
						<line hits="1" number="26"/>
						<line hits="1" number="27"/>
						<line hits="1" number="28"/>
						<line hits="1" number="29"/>
						<line hits="1" number="30"/>
						<line hits="1" number="31"/>
						<line hits="1" number="32"/>
						<line hits="1" number="33"/>
						<line hits="1" number="34"/>
						<line hits="1" number="35"/>
						<line hits="1" number="36"/>
						<line hits="1" number="37"/>
						<line hits="1" number="39"/>
						<line hits="1" number="40"/>
						<line hits="1" number="41"/>
						<line hits="1" number="42"/>
						<line hits="1" number="44"/>
						<line hits="1" number="45"/>
						<line hits="1" number="48"/>
						<line hits="1" number="139"/>
						<line hits="1" number="153"/>
						<line hits="1" number="154"/>
						<line hits="1" number="155"/>
						<line hits="1" number="156"/>
						<line hits="1" number="157"/>
						<line hits="1" number="158"/>
						<line hits="1" number="159"/>
						<line hits="1" number="160"/>
						<line hits="1" number="161"/>
						<line hits="1" number="162"/>
						<line hits="1" number="163"/>
						<line hits="1" number="164"/>
						<line hits="1" number="165"/>
						<line hits="1" number="167"/>
						<line hits="1" number="176"/>
						<line hits="1" number="177"/>
						<line hits="1" number="181"/>
						<line hits="1" number="182"/>
						<line hits="1" number="183"/>
						<line hits="1" number="184"/>
						<line hits="1" number="187"/>
						<line hits="1" number="188"/>
						<line hits="1" number="191"/>
						<line hits="1" number="192"/>
						<line hits="1" number="193"/>
						<line hits="0" number="194"/>
						<line hits="1" number="197"/>
						<line hits="1" number="201"/>
						<line hits="1" number="203"/>
						<line hits="1" number="206"/>
						<line hits="1" number="211"/>
						<line hits="1" number="213"/>
						<line hits="1" number="215"/>
						<line hits="1" number="241"/>
						<line hits="1" number="243"/>
						<line hits="1" number="247"/>
						<line hits="1" number="252"/>
						<line hits="1" number="253"/>
						<line hits="1" number="255"/>
						<line hits="1" number="256"/>
						<line hits="1" number="259"/>
						<line hits="1" number="260"/>
						<line hits="1" number="261"/>
						<line hits="1" number="262"/>
						<line hits="1" number="263"/>
						<line hits="1" number="264"/>
						<line hits="1" number="265"/>
						<line hits="1" number="267"/>
						<line hits="1" number="268"/>
						<line hits="1" number="269"/>
						<line hits="1" number="271"/>
						<line hits="1" number="275"/>
						<line hits="1" number="279"/>
						<line hits="1" number="282"/>
						<line hits="1" number="283"/>
						<line hits="1" number="285"/>
						<line hits="1" number="286"/>
						<line hits="1" number="287"/>
						<line hits="1" number="290"/>
						<line hits="1" number="291"/>
						<line hits="1" number="296"/>
						<line hits="0" number="298"/>
						<line hits="1" number="300"/>
						<line hits="1" number="304"/>
						<line hits="1" number="307"/>
						<line hits="1" number="309"/>
						<line hits="1" number="310"/>
						<line hits="1" number="323"/>
						<line hits="1" number="324"/>
						<line hits="1" number="325"/>
						<line hits="1" number="326"/>
						<line hits="1" number="329"/>
						<line hits="0" number="330"/>
						<line hits="0" number="331"/>
						<line hits="0" number="332"/>
						<line hits="1" number="334"/>
						<line hits="1" number="335"/>
						<line hits="1" number="336"/>
						<line hits="1" number="343"/>
						<line hits="1" number="344"/>
						<line hits="1" number="346"/>
						<line hits="1" number="347"/>
						<line hits="1" number="349"/>
						<line hits="1" number="350"/>
						<line hits="1" number="351"/>
						<line hits="1" number="352"/>
						<line hits="1" number="353"/>
						<line hits="0" number="355"/>
						<line hits="0" number="357"/>
						<line hits="1" number="361"/>
						<line hits="0" number="363"/>
						<line hits="1" number="368"/>
						<line hits="1" number="369"/>
						<line hits="1" number="371"/>
						<line hits="0" number="372"/>
						<line hits="1" number="374"/>
						<line hits="1" number="375"/>
						<line hits="1" number="376"/>
						<line hits="1" number="377"/>
						<line hits="1" number="378"/>
						<line hits="1" number="379"/>
						<line hits="1" number="380"/>
						<line hits="1" number="381"/>
						<line hits="1" number="383"/>
						<line hits="1" number="384"/>
						<line hits="1" number="385"/>
						<line hits="1" number="392"/>
						<line hits="1" number="394"/>
						<line hits="1" number="395"/>
						<line hits="1" number="397"/>
						<line hits="1" number="400"/>
						<line hits="1" number="401"/>
						<line hits="1" number="403"/>
						<line hits="1" number="405"/>
						<line hits="1" number="406"/>
						<line hits="1" number="408"/>
						<line hits="1" number="409"/>
						<line hits="1" number="415"/>
						<line hits="1" number="416"/>
						<line hits="1" number="417"/>
						<line hits="1" number="418"/>
						<line hits="1" number="419"/>
						<line hits="1" number="421"/>
						<line hits="1" number="423"/>
						<line hits="1" number="424"/>
						<line hits="1" number="427"/>
						<line hits="1" number="428"/>
						<line hits="1" number="430"/>
						<line hits="1" number="433"/>
						<line hits="1" number="435"/>
						<line hits="1" number="437"/>
						<line hits="1" number="439"/>
						<line hits="1" number="440"/>
						<line hits="1" number="441"/>
						<line hits="1" number="443"/>
						<line hits="1" number="444"/>
						<line hits="1" number="452"/>
						<line hits="1" number="453"/>
						<line hits="1" number="455"/>
						<line hits="1" number="456"/>
						<line hits="1" number="457"/>
						<line hits="1" number="464"/>
						<line hits="1" number="465"/>
						<line hits="1" number="467"/>
						<line hits="1" number="470"/>
						<line hits="1" number="471"/>
						<line hits="1" number="473"/>
						<line hits="1" number="475"/>
						<line hits="1" number="476"/>
						<line hits="1" number="479"/>
						<line hits="1" number="482"/>
						<line hits="1" number="484"/>
						<line hits="1" number="486"/>
						<line hits="1" number="487"/>
						<line hits="0" number="490"/>
						<line hits="0" number="491"/>
						<line hits="1" number="493"/>
						<line hits="1" number="512"/>
						<line hits="1" number="515"/>
						<line hits="1" number="518"/>
						<line hits="1" number="519"/>
						<line hits="1" number="520"/>
						<line hits="1" number="523"/>
						<line hits="1" number="530"/>
						<line hits="1" number="532"/>
						<line hits="1" number="534"/>
						<line hits="0" number="555"/>
						<line hits="0" number="557"/>
						<line hits="0" number="558"/>
						<line hits="0" number="560"/>
						<line hits="0" number="561"/>
						<line hits="0" number="563"/>
						<line hits="0" number="568"/>
						<line hits="0" number="572"/>
						<line hits="0" number="578"/>
						<line hits="0" number="580"/>
						<line hits="0" number="582"/>
						<line hits="0" number="587"/>
						<line hits="0" number="589"/>
						<line hits="0" number="595"/>
						<line hits="0" number="596"/>
						<line hits="1" number="598"/>
						<line hits="0" number="623"/>
						<line hits="0" number="626"/>
						<line hits="0" number="627"/>
						<line hits="0" number="628"/>
						<line hits="0" number="631"/>
						<line hits="0" number="632"/>
						<line hits="0" number="634"/>
						<line hits="0" number="635"/>
						<line hits="0" number="637"/>
						<line hits="0" number="638"/>
						<line hits="0" number="639"/>
						<line hits="0" number="640"/>
						<line hits="0" number="643"/>
						<line hits="0" number="656"/>
						<line hits="0" number="659"/>
						<line hits="0" number="660"/>
						<line hits="0" number="661"/>
						<line hits="0" number="662"/>
						<line hits="0" number="663"/>
						<line hits="0" number="664"/>
						<line hits="0" number="665"/>
						<line hits="0" number="666"/>
						<line hits="0" number="667"/>
						<line hits="0" number="668"/>
						<line hits="0" number="669"/>
						<line hits="0" number="671"/>
						<line hits="0" number="672"/>
						<line hits="0" number="673"/>
						<line hits="0" number="676"/>
						<line hits="0" number="677"/>
						<line hits="0" number="678"/>
						<line hits="0" number="680"/>
						<line hits="0" number="681"/>
						<line hits="1" number="683"/>
						<line hits="1" number="710"/>
						<line hits="1" number="712"/>
						<line hits="1" number="713"/>
						<line hits="1" number="714"/>
						<line hits="1" number="715"/>
						<line hits="1" number="717"/>
						<line hits="1" number="718"/>
						<line hits="1" number="720"/>
						<line hits="1" number="722"/>
						<line hits="1" number="724"/>
						<line hits="1" number="729"/>
						<line hits="1" number="731"/>
						<line hits="1" number="734"/>
						<line hits="1" number="736"/>
						<line hits="1" number="741"/>
						<line hits="1" number="743"/>
						<line hits="1" number="749"/>
						<line hits="1" number="751"/>
						<line hits="1" number="753"/>
						<line hits="1" number="754"/>
						<line hits="1" number="766"/>
						<line hits="1" number="768"/>
						<line hits="1" number="770"/>
						<line hits="1" number="771"/>
						<line hits="1" number="772"/>
						<line hits="1" number="773"/>
						<line hits="1" number="777"/>
						<line hits="1" number="779"/>
						<line hits="1" number="781"/>
						<line hits="1" number="783"/>
						<line hits="1" number="795"/>
						<line hits="1" number="797"/>
						<line hits="1" number="799"/>
						<line hits="1" number="800"/>
						<line hits="1" number="802"/>
						<line hits="1" number="830"/>
						<line hits="1" number="832"/>
						<line hits="1" number="836"/>
						<line hits="1" number="838"/>
						<line hits="1" number="839"/>
						<line hits="1" number="846"/>
						<line hits="1" number="848"/>
						<line hits="1" number="851"/>
						<line hits="1" number="852"/>
						<line hits="1" number="853"/>
						<line hits="1" number="854"/>
						<line hits="1" number="855"/>
						<line hits="1" number="856"/>
						<line hits="1" number="859"/>
						<line hits="1" number="860"/>
						<line hits="1" number="861"/>
						<line hits="1" number="863"/>
						<line hits="1" number="869"/>
						<line hits="1" number="870"/>
						<line hits="1" number="872"/>
						<line hits="1" number="879"/>
						<line hits="1" number="880"/>
						<line hits="1" number="882"/>
						<line hits="1" number="887"/>
						<line hits="1" number="888"/>
						<line hits="1" number="891"/>
						<line hits="1" number="892"/>
						<line hits="1" number="893"/>
						<line hits="1" number="894"/>
						<line hits="1" number="895"/>
						<line hits="1" number="897"/>
						<line hits="1" number="898"/>
						<line hits="1" number="899"/>
						<line hits="1" number="900"/>
						<line hits="1" number="902"/>
						<line hits="1" number="903"/>
						<line hits="1" number="905"/>
						<line hits="1" number="906"/>
						<line hits="1" number="908"/>
						<line hits="1" number="909"/>
						<line hits="1" number="911"/>
						<line hits="1" number="915"/>
						<line hits="1" number="916"/>
						<line hits="1" number="920"/>
						<line hits="1" number="922"/>
						<line hits="1" number="923"/>
						<line hits="1" number="924"/>
						<line hits="1" number="925"/>
						<line hits="1" number="927"/>
						<line hits="1" number="928"/>
						<line hits="1" number="930"/>
						<line hits="1" number="931"/>
						<line hits="1" number="933"/>
						<line hits="1" number="934"/>
						<line hits="1" number="936"/>
						<line hits="1" number="940"/>
						<line hits="1" number="941"/>
						<line hits="1" number="952"/>
						<line hits="1" number="953"/>
						<line hits="1" number="954"/>
						<line hits="1" number="956"/>
						<line hits="1" number="958"/>
						<line hits="1" number="959"/>
						<line hits="1" number="960"/>
						<line hits="1" number="961"/>
						<line hits="1" number="962"/>
						<line hits="1" number="963"/>
						<line hits="1" number="964"/>
						<line hits="1" number="965"/>
						<line hits="1" number="966"/>
						<line hits="1" number="969"/>
						<line hits="0" number="970"/>
						<line hits="0" number="971"/>
						<line hits="1" number="974"/>
						<line hits="1" number="975"/>
						<line hits="1" number="976"/>
						<line hits="1" number="980"/>
						<line hits="1" number="981"/>
						<line hits="1" number="989"/>
						<line hits="1" number="990"/>
						<line hits="1" number="999"/>
						<line hits="1" number="1000"/>
						<line hits="1" number="1010"/>
						<line hits="1" number="1011"/>
						<line hits="1" number="1012"/>
						<line hits="1" number="1013"/>
						<line hits="1" number="1016"/>
						<line hits="1" number="1017"/>
						<line hits="1" number="1018"/>
						<line hits="1" number="1019"/>
						<line hits="1" number="1021"/>
						<line hits="1" number="1025"/>
						<line hits="1" number="1026"/>
						<line hits="1" number="1028"/>
						<line hits="1" number="1029"/>
						<line hits="1" number="1030"/>
						<line hits="1" number="1033"/>
						<line hits="1" number="1034"/>
						<line hits="1" number="1036"/>
						<line hits="1" number="1038"/>
						<line hits="1" number="1039"/>
						<line hits="1" number="1042"/>
						<line hits="1" number="1043"/>
						<line hits="1" number="1046"/>
						<line hits="1" number="1047"/>
						<line hits="1" number="1050"/>
						<line hits="1" number="1051"/>
						<line hits="1" number="1053"/>
						<line hits="1" number="1054"/>
						<line hits="1" number="1057"/>
						<line hits="1" number="1058"/>
						<line hits="1" number="1061"/>
						<line hits="1" number="1063"/>
						<line hits="1" number="1064"/>
						<line hits="1" number="1065"/>
						<line hits="1" number="1066"/>
						<line hits="1" number="1067"/>
						<line hits="1" number="1069"/>
						<line hits="1" number="1071"/>
						<line hits="1" number="1074"/>
						<line hits="1" number="1075"/>
						<line hits="1" number="1076"/>
						<line hits="1" number="1077"/>
						<line hits="1" number="1078"/>
						<line hits="1" number="1079"/>
						<line hits="1" number="1080"/>
						<line hits="1" number="1081"/>
						<line hits="1" number="1082"/>
						<line hits="1" number="1083"/>
						<line hits="1" number="1084"/>
						<line hits="1" number="1085"/>
						<line hits="1" number="1086"/>
						<line hits="1" number="1087"/>
						<line hits="1" number="1089"/>
						<line hits="1" number="1090"/>
						<line hits="1" number="1091"/>
						<line hits="1" number="1092"/>
						<line hits="1" number="1093"/>
						<line hits="1" number="1095"/>
						<line hits="1" number="1096"/>
						<line hits="1" number="1097"/>
						<line hits="1" number="1098"/>
						<line hits="1" number="1099"/>
						<line hits="1" number="1100"/>
						<line hits="1" number="1101"/>
						<line hits="1" number="1103"/>
						<line hits="1" number="1104"/>
						<line hits="1" number="1105"/>
						<line hits="1" number="1107"/>
						<line hits="1" number="1109"/>
						<line hits="1" number="1111"/>
						<line hits="1" number="1113"/>
						<line hits="1" number="1135"/>
						<line hits="1" number="1137"/>
						<line hits="1" number="1138"/>
						<line hits="0" number="1141"/>
						<line hits="0" number="1143"/>
						<line hits="0" number="1145"/>
						<line hits="0" number="1147"/>
						<line hits="0" number="1148"/>
						<line hits="0" number="1150"/>
						<line hits="0" number="1152"/>
						<line hits="0" number="1153"/>
						<line hits="0" number="1156"/>
						<line hits="0" number="1157"/>
						<line hits="0" number="1158"/>
						<line hits="0" number="1160"/>
						<line hits="0" number="1161"/>
						<line hits="0" number="1164"/>
						<line hits="0" number="1165"/>
						<line hits="0" number="1166"/>
						<line hits="0" number="1167"/>
						<line hits="0" number="1168"/>
						<line hits="0" number="1169"/>
						<line hits="0" number="1170"/>
						<line hits="0" number="1172"/>
						<line hits="0" number="1173"/>
						<line hits="0" number="1175"/>
						<line hits="0" number="1176"/>
						<line hits="0" number="1177"/>
						<line hits="0" number="1178"/>
						<line hits="0" number="1179"/>
						<line hits="0" number="1181"/>
						<line hits="0" number="1182"/>
						<line hits="0" number="1183"/>
						<line hits="0" number="1184"/>
						<line hits="0" number="1186"/>
						<line hits="0" number="1187"/>
						<line hits="0" number="1188"/>
						<line hits="0" number="1189"/>
						<line hits="0" number="1190"/>
						<line hits="0" number="1191"/>
						<line hits="0" number="1192"/>
						<line hits="0" number="1194"/>
						<line hits="0" number="1195"/>
						<line hits="0" number="1196"/>
						<line hits="0" number="1197"/>
						<line hits="0" number="1198"/>
						<line hits="0" number="1199"/>
						<line hits="0" number="1200"/>
						<line hits="0" number="1201"/>
						<line hits="0" number="1202"/>
						<line hits="0" number="1203"/>
						<line hits="0" number="1204"/>
						<line hits="0" number="1205"/>
						<line hits="0" number="1206"/>
						<line hits="0" number="1207"/>
						<line hits="0" number="1209"/>
						<line hits="0" number="1210"/>
						<line hits="0" number="1212"/>
						<line hits="0" number="1213"/>
						<line hits="0" number="1214"/>
						<line hits="0" number="1215"/>
						<line hits="0" number="1217"/>
						<line hits="0" number="1219"/>
						<line hits="0" number="1221"/>
						<line hits="0" number="1222"/>
						<line hits="0" number="1226"/>
						<line hits="0" number="1228"/>
						<line hits="0" number="1230"/>
						<line hits="0" number="1231"/>
						<line hits="1" number="1233"/>
						<line hits="0" number="1271"/>
						<line hits="0" number="1273"/>
						<line hits="0" number="1274"/>
						<line hits="0" number="1275"/>
						<line hits="0" number="1276"/>
						<line hits="0" number="1278"/>
						<line hits="0" number="1280"/>
						<line hits="0" number="1282"/>
						<line hits="0" number="1287"/>
						<line hits="0" number="1295"/>
						<line hits="0" number="1297"/>
						<line hits="0" number="1298"/>
						<line hits="0" number="1299"/>
						<line hits="0" number="1301"/>
						<line hits="0" number="1302"/>
						<line hits="1" number="1304"/>
						<line hits="1" number="1342"/>
						<line hits="1" number="1344"/>
						<line hits="1" number="1345"/>
						<line hits="1" number="1348"/>
						<line hits="1" number="1354"/>
						<line hits="0" number="1355"/>
						<line hits="0" number="1356"/>
						<line hits="0" number="1357"/>
						<line hits="0" number="1358"/>
						<line hits="0" number="1359"/>
						<line hits="0" number="1360"/>
						<line hits="0" number="1362"/>
						<line hits="1" number="1364"/>
						<line hits="1" number="1365"/>
						<line hits="1" number="1367"/>
						<line hits="1" number="1409"/>
						<line hits="1" number="1417"/>
						<line hits="1" number="1418"/>
						<line hits="1" number="1419"/>
						<line hits="1" number="1424"/>
						<line hits="1" number="1428"/>
						<line hits="0" number="1435"/>
						<line hits="1" number="1440"/>
						<line hits="1" number="1442"/>
						<line hits="1" number="1443"/>
						<line hits="1" number="1445"/>
						<line hits="1" number="1447"/>
						<line hits="1" number="1450"/>
						<line hits="0" number="1451"/>
						<line hits="1" number="1453"/>
						<line hits="1" number="1459"/>
						<line hits="1" number="1461"/>
						<line hits="0" number="1462"/>
						<line hits="1" number="1467"/>
						<line hits="1" number="1481"/>
						<line hits="1" number="1482"/>
						<line hits="1" number="1491"/>
						<line hits="1" number="1493"/>
						<line hits="1" number="1496"/>
						<line hits="1" number="1534"/>
						<line hits="1" number="1536"/>
						<line hits="1" number="1539"/>
						<line hits="1" number="1552"/>
						<line hits="1" number="1558"/>
						<line hits="1" number="1559"/>
						<line hits="1" number="1561"/>
						<line hits="1" number="1599"/>
						<line hits="1" number="1601"/>
						<line hits="1" number="1603"/>
						<line hits="1" number="1605"/>
						<line hits="1" number="1608"/>
						<line hits="1" number="1609"/>
						<line hits="1" number="1708"/>
						<line hits="1" number="1709"/>
						<line hits="0" number="1710"/>
						<line hits="0" number="1712"/>
						<line hits="0" number="1715"/>
						<line hits="1" number="1726"/>
						<line hits="1" number="1727"/>
						<line hits="0" number="1733"/>
						<line hits="0" number="1734"/>
						<line hits="1" number="1737"/>
						<line hits="1" number="1740"/>
						<line hits="1" number="1747"/>
						<line hits="1" number="1748"/>
						<line hits="1" number="1749"/>
						<line hits="0" number="1751"/>
						<line hits="0" number="1758"/>
						<line hits="0" number="1764"/>
						<line hits="0" number="1765"/>
						<line hits="0" number="1766"/>
						<line hits="0" number="1772"/>
						<line hits="0" number="1773"/>
						<line hits="0" number="1776"/>
						<line hits="0" number="1777"/>
						<line hits="1" number="1780"/>
						<line hits="1" number="1816"/>
						<line hits="1" number="1818"/>
						<line hits="0" number="1819"/>
						<line hits="1" number="1820"/>
						<line hits="1" number="1821"/>
						<line hits="1" number="1822"/>
						<line hits="1" number="1823"/>
						<line hits="1" number="1824"/>
						<line hits="1" number="1825"/>
						<line hits="1" number="1826"/>
						<line hits="1" number="1827"/>
						<line hits="1" number="1828"/>
						<line hits="1" number="1830"/>
						<line hits="1" number="1831"/>
						<line hits="1" number="1832"/>
						<line hits="1" number="1833"/>
						<line hits="1" number="1836"/>
						<line hits="1" number="1840"/>
						<line hits="1" number="1844"/>
						<line hits="1" number="1845"/>
						<line hits="1" number="1846"/>
						<line hits="1" number="1847"/>
						<line hits="1" number="1848"/>
						<line hits="1" number="1849"/>
						<line hits="1" number="1851"/>
						<line hits="1" number="1852"/>
						<line hits="1" number="1854"/>
						<line hits="1" number="1855"/>
						<line hits="1" number="1856"/>
						<line hits="1" number="1857"/>
						<line hits="1" number="1858"/>
						<line hits="1" number="1859"/>
						<line hits="1" number="1860"/>
						<line hits="1" number="1861"/>
						<line hits="1" number="1863"/>
						<line hits="1" number="1864"/>
						<line hits="1" number="1865"/>
						<line hits="1" number="1866"/>
						<line hits="1" number="1867"/>
						<line hits="1" number="1868"/>
						<line hits="1" number="1871"/>
						<line hits="1" number="1875"/>
						<line hits="1" number="1876"/>
						<line hits="1" number="1877"/>
						<line hits="1" number="1878"/>
						<line hits="1" number="1880"/>
						<line hits="1" number="1881"/>
						<line hits="1" number="1882"/>
						<line hits="1" number="1883"/>
						<line hits="1" number="1885"/>
						<line hits="1" number="1886"/>
						<line hits="1" number="1887"/>
						<line hits="1" number="1888"/>
						<line hits="1" number="1889"/>
						<line hits="1" number="1890"/>
						<line hits="1" number="1893"/>
						<line hits="1" number="1895"/>
						<line hits="1" number="1897"/>
						<line hits="1" number="1898"/>
						<line hits="1" number="1899"/>
						<line hits="1" number="1900"/>
						<line hits="1" number="1902"/>
						<line hits="1" number="1903"/>
						<line hits="1" number="1904"/>
						<line hits="1" number="1905"/>
						<line hits="1" number="1906"/>
						<line hits="0" number="1907"/>
						<line hits="0" number="1908"/>
						<line hits="1" number="1909"/>
						<line hits="1" number="1911"/>
						<line hits="1" number="1913"/>
						<line hits="1" number="1914"/>
						<line hits="1" number="1915"/>
						<line hits="1" number="1917"/>
						<line hits="1" number="1918"/>
						<line hits="0" number="1919"/>
						<line hits="1" number="1921"/>
						<line hits="1" number="1923"/>
						<line hits="1" number="1924"/>
						<line hits="1" number="1926"/>
						<line hits="1" number="1927"/>
						<line hits="1" number="1928"/>
						<line hits="1" number="1929"/>
						<line hits="1" number="1931"/>
						<line hits="1" number="1933"/>
						<line hits="1" number="1934"/>
						<line hits="1" number="1935"/>
						<line hits="1" number="1936"/>
						<line hits="1" number="1938"/>
						<line hits="1" number="1939"/>
						<line hits="1" number="1940"/>
						<line hits="1" number="1941"/>
						<line hits="1" number="1942"/>
						<line hits="1" number="1943"/>
						<line hits="1" number="1944"/>
						<line hits="1" number="1945"/>
						<line hits="1" number="1946"/>
						<line hits="1" number="1947"/>
						<line hits="1" number="1949"/>
						<line hits="1" number="1950"/>
						<line hits="1" number="1952"/>
						<line hits="1" number="1953"/>
						<line hits="1" number="1954"/>
						<line hits="1" number="1955"/>
						<line hits="1" number="1956"/>
						<line hits="1" number="1958"/>
						<line hits="1" number="1959"/>
						<line hits="1" number="1960"/>
						<line hits="1" number="1961"/>
						<line hits="1" number="1964"/>
						<line hits="0" number="1966"/>
						<line hits="0" number="1967"/>
						<line hits="0" number="1968"/>
						<line hits="0" number="1971"/>
						<line hits="1" number="1973"/>
						<line hits="1" number="1974"/>
						<line hits="1" number="1977"/>
						<line hits="1" number="1978"/>
						<line hits="1" number="1984"/>
						<line hits="0" number="2013"/>
						<line hits="0" number="2014"/>
						<line hits="0" number="2018"/>
						<line hits="0" number="2023"/>
						<line hits="0" number="2025"/>
						<line hits="0" number="2030"/>
						<line hits="0" number="2037"/>
						<line hits="0" number="2039"/>
						<line hits="0" number="2042"/>
					</lines>
				</class>
				<class branch-rate="0" complexity="0" filename="sherlock/utKit.py" line-rate="0.6818" name="utKit.py">
					<methods/>
					<lines>
						<line hits="1" number="4"/>
						<line hits="1" number="8"/>
						<line hits="1" number="16"/>
						<line hits="1" number="21"/>
						<line hits="1" number="25"/>
						<line hits="1" number="26"/>
						<line hits="1" number="29"/>
						<line hits="1" number="52"/>
						<line hits="1" number="53"/>
						<line hits="0" number="54"/>
						<line hits="1" number="62"/>
						<line hits="1" number="64"/>
						<line hits="1" number="73"/>
						<line hits="1" number="74"/>
						<line hits="1" number="76"/>
						<line hits="1" number="78"/>
						<line hits="0" number="82"/>
						<line hits="0" number="83"/>
						<line hits="0" number="84"/>
						<line hits="0" number="85"/>
						<line hits="0" number="94"/>
						<line hits="0" number="95"/>
					</lines>
				</class>
			</classes>
		</package>
		<package branch-rate="0" complexity="0" line-rate="0.5551" name="sherlock.commonutils">
			<classes>
				<class branch-rate="0" complexity="0" filename="sherlock/commonutils/__init__.py" line-rate="1" name="__init__.py">
					<methods/>
					<lines>
						<line hits="1" number="4"/>
						<line hits="1" number="5"/>
						<line hits="1" number="6"/>
						<line hits="1" number="7"/>
					</lines>
				</class>
				<class branch-rate="0" complexity="0" filename="sherlock/commonutils/get_crossmatch_catalogues_column_map.py" line-rate="1" name="get_crossmatch_catalogues_column_map.py">
					<methods/>
					<lines>
						<line hits="1" number="3"/>
						<line hits="1" number="9"/>
						<line hits="1" number="10"/>
						<line hits="1" number="11"/>
						<line hits="1" number="12"/>
						<line hits="1" number="13"/>
						<line hits="1" number="15"/>
						<line hits="1" number="54"/>
						<line hits="1" number="57"/>
						<line hits="1" number="66"/>
						<line hits="1" number="72"/>
						<line hits="1" number="73"/>
						<line hits="1" number="74"/>
						<line hits="1" number="76"/>
						<line hits="1" number="77"/>
					</lines>
				</class>
				<class branch-rate="0" complexity="0" filename="sherlock/commonutils/getpackagepath.py" line-rate="0.5" name="getpackagepath.py">
					<methods/>
					<lines>
						<line hits="1" number="3"/>
						<line hits="1" number="9"/>
						<line hits="1" number="11"/>
						<line hits="0" number="15"/>
						<line hits="0" number="16"/>
						<line hits="0" number="18"/>
					</lines>
				</class>
				<class branch-rate="0" complexity="0" filename="sherlock/commonutils/update_wiki_pages.py" line-rate="0.5182" name="update_wiki_pages.py">
					<methods/>
					<lines>
						<line hits="1" number="3"/>
						<line hits="1" number="9"/>
						<line hits="1" number="10"/>
						<line hits="1" number="11"/>
						<line hits="1" number="12"/>
						<line hits="1" number="13"/>
						<line hits="1" number="14"/>
						<line hits="1" number="15"/>
						<line hits="1" number="16"/>
						<line hits="1" number="17"/>
						<line hits="1" number="18"/>
						<line hits="1" number="19"/>
						<line hits="1" number="20"/>
						<line hits="1" number="21"/>
						<line hits="1" number="22"/>
						<line hits="1" number="24"/>
						<line hits="1" number="55"/>
						<line hits="1" number="61"/>
						<line hits="1" number="62"/>
						<line hits="1" number="63"/>
						<line hits="1" number="67"/>
						<line hits="1" number="68"/>
						<line hits="1" number="72"/>
						<line hits="1" number="73"/>
						<line hits="1" number="74"/>
						<line hits="1" number="76"/>
						<line hits="1" number="89"/>
						<line hits="1" number="91"/>
						<line hits="1" number="97"/>
						<line hits="1" number="99"/>
						<line hits="0" number="100"/>
						<line hits="0" number="101"/>
						<line hits="1" number="103"/>
						<line hits="1" number="104"/>
						<line hits="1" number="105"/>
						<line hits="1" number="108"/>
						<line hits="1" number="109"/>
						<line hits="1" number="110"/>
						<line hits="1" number="111"/>
						<line hits="1" number="116"/>
						<line hits="1" number="117"/>
						<line hits="1" number="119"/>
						<line hits="1" number="120"/>
						<line hits="1" number="122"/>
						<line hits="1" number="127"/>
						<line hits="1" number="129"/>
						<line hits="1" number="132"/>
						<line hits="1" number="139"/>
						<line hits="0" number="140"/>
						<line hits="0" number="141"/>
						<line hits="0" number="142"/>
						<line hits="0" number="143"/>
						<line hits="0" number="144"/>
						<line hits="0" number="145"/>
						<line hits="0" number="146"/>
						<line hits="0" number="147"/>
						<line hits="1" number="149"/>
						<line hits="1" number="150"/>
						<line hits="1" number="152"/>
						<line hits="1" number="157"/>
						<line hits="1" number="159"/>
						<line hits="1" number="162"/>
						<line hits="1" number="169"/>
						<line hits="0" number="170"/>
						<line hits="0" number="171"/>
						<line hits="0" number="172"/>
						<line hits="0" number="173"/>
						<line hits="0" number="174"/>
						<line hits="0" number="175"/>
						<line hits="0" number="176"/>
						<line hits="0" number="177"/>
						<line hits="1" number="179"/>
						<line hits="1" number="180"/>
						<line hits="1" number="182"/>
						<line hits="1" number="187"/>
						<line hits="1" number="189"/>
						<line hits="1" number="192"/>
						<line hits="1" number="199"/>
						<line hits="0" number="200"/>
						<line hits="0" number="201"/>
						<line hits="0" number="202"/>
						<line hits="0" number="203"/>
						<line hits="0" number="204"/>
						<line hits="0" number="205"/>
						<line hits="0" number="206"/>
						<line hits="0" number="207"/>
						<line hits="1" number="209"/>
						<line hits="1" number="210"/>
						<line hits="1" number="212"/>
						<line hits="1" number="232"/>
						<line hits="1" number="234"/>
						<line hits="1" number="238"/>
						<line hits="1" number="239"/>
						<line hits="0" number="240"/>
						<line hits="0" number="241"/>
						<line hits="0" number="242"/>
						<line hits="0" number="243"/>
						<line hits="0" number="244"/>
						<line hits="0" number="245"/>
						<line hits="0" number="246"/>
						<line hits="0" number="247"/>
						<line hits="0" number="248"/>
						<line hits="0" number="249"/>
						<line hits="0" number="250"/>
						<line hits="0" number="251"/>
						<line hits="0" number="252"/>
						<line hits="0" number="253"/>
						<line hits="0" number="254"/>
						<line hits="0" number="256"/>
						<line hits="0" number="257"/>
						<line hits="0" number="258"/>
						<line hits="0" number="259"/>
						<line hits="0" number="260"/>
						<line hits="0" number="261"/>
						<line hits="0" number="262"/>
						<line hits="0" number="263"/>
						<line hits="0" number="264"/>
						<line hits="0" number="265"/>
						<line hits="0" number="266"/>
						<line hits="0" number="268"/>
						<line hits="0" number="269"/>
						<line hits="0" number="271"/>
						<line hits="0" number="273"/>
						<line hits="0" number="274"/>
						<line hits="0" number="276"/>
						<line hits="0" number="278"/>
						<line hits="1" number="281"/>
						<line hits="1" number="283"/>
						<line hits="1" number="287"/>
						<line hits="1" number="288"/>
						<line hits="0" number="289"/>
						<line hits="0" number="290"/>
						<line hits="0" number="291"/>
						<line hits="0" number="293"/>
						<line hits="0" number="294"/>
						<line hits="0" number="295"/>
						<line hits="0" number="296"/>
						<line hits="0" number="297"/>
						<line hits="0" number="298"/>
						<line hits="0" number="299"/>
						<line hits="0" number="300"/>
						<line hits="0" number="301"/>
						<line hits="0" number="302"/>
						<line hits="0" number="303"/>
						<line hits="0" number="305"/>
						<line hits="1" number="308"/>
						<line hits="1" number="310"/>
						<line hits="1" number="314"/>
						<line hits="1" number="315"/>
						<line hits="0" number="316"/>
						<line hits="0" number="317"/>
						<line hits="0" number="318"/>
						<line hits="0" number="319"/>
						<line hits="0" number="320"/>
						<line hits="0" number="321"/>
						<line hits="0" number="322"/>
						<line hits="0" number="323"/>
						<line hits="0" number="324"/>
						<line hits="0" number="325"/>
						<line hits="0" number="326"/>
						<line hits="0" number="327"/>
						<line hits="0" number="328"/>
						<line hits="0" number="329"/>
						<line hits="0" number="331"/>
						<line hits="0" number="332"/>
						<line hits="0" number="333"/>
						<line hits="0" number="334"/>
						<line hits="0" number="335"/>
						<line hits="0" number="336"/>
						<line hits="0" number="337"/>
						<line hits="0" number="338"/>
						<line hits="0" number="339"/>
						<line hits="0" number="340"/>
						<line hits="0" number="341"/>
						<line hits="0" number="343"/>
						<line hits="0" number="344"/>
						<line hits="0" number="346"/>
						<line hits="0" number="348"/>
						<line hits="0" number="349"/>
						<line hits="0" number="351"/>
						<line hits="0" number="353"/>
						<line hits="1" number="356"/>
						<line hits="1" number="358"/>
						<line hits="1" number="359"/>
						<line hits="1" number="361"/>
						<line hits="1" number="365"/>
						<line hits="1" number="367"/>
						<line hits="1" number="369"/>
						<line hits="1" number="370"/>
						<line hits="1" number="371"/>
						<line hits="1" number="372"/>
						<line hits="1" number="375"/>
						<line hits="1" number="376"/>
						<line hits="1" number="378"/>
						<line hits="1" number="380"/>
						<line hits="1" number="381"/>
						<line hits="1" number="382"/>
						<line hits="1" number="383"/>
						<line hits="1" number="386"/>
						<line hits="1" number="387"/>
						<line hits="1" number="389"/>
						<line hits="1" number="391"/>
						<line hits="1" number="392"/>
						<line hits="1" number="393"/>
						<line hits="1" number="394"/>
						<line hits="1" number="397"/>
						<line hits="1" number="398"/>
						<line hits="1" number="400"/>
						<line hits="1" number="401"/>
						<line hits="1" number="403"/>
						<line hits="1" number="407"/>
						<line hits="1" number="409"/>
						<line hits="1" number="410"/>
						<line hits="1" number="411"/>
						<line hits="1" number="412"/>
						<line hits="1" number="413"/>
						<line hits="1" number="414"/>
						<line hits="1" number="415"/>
						<line hits="1" number="417"/>
						<line hits="1" number="418"/>
					</lines>
				</class>
			</classes>
		</package>
		<package branch-rate="0" complexity="0" line-rate="0.907" name="sherlock.commonutils.tests">
			<classes>
				<class branch-rate="0" complexity="0" filename="sherlock/commonutils/tests/__init__.py" line-rate="1" name="__init__.py">
					<methods/>
					<lines/>
				</class>
				<class branch-rate="0" complexity="0" filename="sherlock/commonutils/tests/test_get_crossmatch_catalogues_column_map.py" line-rate="0.9286" name="test_get_crossmatch_catalogues_column_map.py">
					<methods/>
					<lines>
						<line hits="1" number="1"/>
						<line hits="1" number="2"/>
						<line hits="1" number="3"/>
						<line hits="1" number="4"/>
						<line hits="1" number="5"/>
						<line hits="1" number="6"/>
						<line hits="1" number="7"/>
						<line hits="1" number="8"/>
						<line hits="1" number="9"/>
						<line hits="1" number="10"/>
						<line hits="1" number="12"/>
						<line hits="1" number="13"/>
						<line hits="1" number="15"/>
						<line hits="1" number="23"/>
						<line hits="1" number="26"/>
						<line hits="1" number="27"/>
						<line hits="1" number="28"/>
						<line hits="1" number="30"/>
						<line hits="1" number="31"/>
						<line hits="1" number="32"/>
						<line hits="1" number="33"/>
						<line hits="1" number="35"/>
						<line hits="1" number="38"/>
						<line hits="0" number="39"/>
						<line hits="1" number="42"/>
						<line hits="1" number="43"/>
						<line hits="1" number="47"/>
						<line hits="1" number="48"/>
						<line hits="1" number="49"/>
						<line hits="1" number="51"/>
						<line hits="1" number="53"/>
						<line hits="1" number="55"/>
						<line hits="1" number="56"/>
						<line hits="1" number="61"/>
						<line hits="1" number="63"/>
						<line hits="1" number="64"/>
						<line hits="1" number="65"/>
						<line hits="0" number="70"/>
						<line hits="0" number="71"/>
						<line hits="1" number="72"/>
						<line hits="1" number="73"/>
						<line hits="1" number="74"/>
					</lines>
				</class>
				<class branch-rate="0" complexity="0" filename="sherlock/commonutils/tests/test_update_wiki_pages.py" line-rate="0.8864" name="test_update_wiki_pages.py">
					<methods/>
					<lines>
						<line hits="1" number="1"/>
						<line hits="1" number="2"/>
						<line hits="1" number="3"/>
						<line hits="1" number="4"/>
						<line hits="1" number="5"/>
						<line hits="1" number="6"/>
						<line hits="1" number="7"/>
						<line hits="1" number="8"/>
						<line hits="1" number="9"/>
						<line hits="1" number="10"/>
						<line hits="1" number="12"/>
						<line hits="1" number="13"/>
						<line hits="1" number="15"/>
						<line hits="1" number="17"/>
						<line hits="1" number="25"/>
						<line hits="1" number="28"/>
						<line hits="1" number="29"/>
						<line hits="1" number="30"/>
						<line hits="1" number="32"/>
						<line hits="1" number="33"/>
						<line hits="0" number="34"/>
						<line hits="0" number="35"/>
						<line hits="1" number="37"/>
						<line hits="1" number="40"/>
						<line hits="0" number="41"/>
						<line hits="1" number="44"/>
						<line hits="1" number="45"/>
						<line hits="1" number="49"/>
						<line hits="1" number="50"/>
						<line hits="1" number="51"/>
						<line hits="1" number="53"/>
						<line hits="1" number="55"/>
						<line hits="1" number="57"/>
						<line hits="1" number="58"/>
						<line hits="1" number="62"/>
						<line hits="1" number="64"/>
						<line hits="1" number="66"/>
						<line hits="1" number="67"/>
						<line hits="1" number="68"/>
						<line hits="0" number="73"/>
						<line hits="0" number="74"/>
						<line hits="1" number="75"/>
						<line hits="1" number="76"/>
						<line hits="1" number="77"/>
					</lines>
				</class>
			</classes>
		</package>
		<package branch-rate="0" complexity="0" line-rate="0.9039" name="sherlock.imports">
			<classes>
				<class branch-rate="0" complexity="0" filename="sherlock/imports/__init__.py" line-rate="1" name="__init__.py">
					<methods/>
					<lines>
						<line hits="1" number="1"/>
						<line hits="1" number="2"/>
						<line hits="1" number="3"/>
						<line hits="1" number="4"/>
						<line hits="1" number="5"/>
						<line hits="1" number="6"/>
					</lines>
				</class>
				<class branch-rate="0" complexity="0" filename="sherlock/imports/_base_importer.py" line-rate="0.9444" name="_base_importer.py">
					<methods/>
					<lines>
						<line hits="1" number="3"/>
						<line hits="1" number="13"/>
						<line hits="1" number="14"/>
						<line hits="1" number="15"/>
						<line hits="1" number="16"/>
						<line hits="1" number="17"/>
						<line hits="1" number="18"/>
						<line hits="1" number="19"/>
						<line hits="1" number="20"/>
						<line hits="1" number="21"/>
						<line hits="1" number="22"/>
						<line hits="1" number="23"/>
						<line hits="1" number="24"/>
						<line hits="1" number="25"/>
						<line hits="1" number="26"/>
						<line hits="1" number="27"/>
						<line hits="1" number="28"/>
						<line hits="1" number="29"/>
						<line hits="1" number="30"/>
						<line hits="1" number="32"/>
						<line hits="1" number="59"/>
						<line hits="1" number="69"/>
						<line hits="1" number="70"/>
						<line hits="1" number="71"/>
						<line hits="1" number="72"/>
						<line hits="1" number="73"/>
						<line hits="1" number="74"/>
						<line hits="1" number="75"/>
						<line hits="1" number="76"/>
						<line hits="1" number="77"/>
						<line hits="1" number="83"/>
						<line hits="1" number="84"/>
						<line hits="1" number="88"/>
						<line hits="1" number="89"/>
						<line hits="1" number="90"/>
						<line hits="1" number="93"/>
						<line hits="1" number="94"/>
						<line hits="1" number="95"/>
						<line hits="1" number="96"/>
						<line hits="1" number="98"/>
						<line hits="1" number="99"/>
						<line hits="1" number="100"/>
						<line hits="0" number="101"/>
						<line hits="0" number="102"/>
						<line hits="0" number="103"/>
						<line hits="0" number="104"/>
						<line hits="1" number="105"/>
						<line hits="1" number="107"/>
						<line hits="1" number="111"/>
						<line hits="1" number="112"/>
						<line hits="1" number="116"/>
						<line hits="1" number="117"/>
						<line hits="1" number="120"/>
						<line hits="1" number="123"/>
						<line hits="1" number="124"/>
						<line hits="1" number="125"/>
						<line hits="1" number="126"/>
						<line hits="1" number="127"/>
						<line hits="1" number="130"/>
						<line hits="1" number="132"/>
						<line hits="1" number="134"/>
						<line hits="1" number="162"/>
						<line hits="1" number="164"/>
						<line hits="0" number="165"/>
						<line hits="1" number="167"/>
						<line hits="1" number="168"/>
						<line hits="1" number="170"/>
						<line hits="1" number="171"/>
						<line hits="1" number="177"/>
						<line hits="1" number="191"/>
						<line hits="1" number="193"/>
						<line hits="1" number="197"/>
						<line hits="1" number="199"/>
						<line hits="1" number="201"/>
						<line hits="1" number="212"/>
						<line hits="1" number="213"/>
						<line hits="1" number="215"/>
						<line hits="1" number="226"/>
						<line hits="1" number="228"/>
						<line hits="1" number="230"/>
						<line hits="1" number="232"/>
						<line hits="1" number="242"/>
						<line hits="1" number="243"/>
						<line hits="1" number="245"/>
						<line hits="1" number="256"/>
						<line hits="1" number="258"/>
						<line hits="1" number="260"/>
						<line hits="1" number="264"/>
						<line hits="1" number="270"/>
						<line hits="1" number="272"/>
					</lines>
				</class>
				<class branch-rate="0" complexity="0" filename="sherlock/imports/ifs.py" line-rate="0.8551" name="ifs.py">
					<methods/>
					<lines>
						<line hits="1" number="3"/>
						<line hits="1" number="9"/>
						<line hits="1" number="10"/>
						<line hits="1" number="11"/>
						<line hits="1" number="12"/>
						<line hits="1" number="13"/>
						<line hits="1" number="14"/>
						<line hits="1" number="15"/>
						<line hits="1" number="16"/>
						<line hits="1" number="17"/>
						<line hits="1" number="18"/>
						<line hits="1" number="19"/>
						<line hits="1" number="20"/>
						<line hits="1" number="21"/>
						<line hits="1" number="22"/>
						<line hits="1" number="23"/>
						<line hits="1" number="25"/>
						<line hits="1" number="57"/>
						<line hits="1" number="67"/>
						<line hits="1" number="69"/>
						<line hits="1" number="70"/>
						<line hits="1" number="71"/>
						<line hits="1" number="72"/>
						<line hits="1" number="73"/>
						<line hits="1" number="75"/>
						<line hits="1" number="77"/>
						<line hits="1" number="78"/>
						<line hits="1" number="99"/>
						<line hits="1" number="104"/>
						<line hits="1" number="105"/>
						<line hits="1" number="107"/>
						<line hits="1" number="128"/>
						<line hits="1" number="132"/>
						<line hits="1" number="133"/>
						<line hits="1" number="136"/>
						<line hits="1" number="137"/>
						<line hits="1" number="138"/>
						<line hits="0" number="139"/>
						<line hits="0" number="140"/>
						<line hits="0" number="141"/>
						<line hits="1" number="143"/>
						<line hits="1" number="144"/>
						<line hits="1" number="146"/>
						<line hits="1" number="147"/>
						<line hits="1" number="148"/>
						<line hits="1" number="149"/>
						<line hits="1" number="150"/>
						<line hits="1" number="151"/>
						<line hits="1" number="152"/>
						<line hits="1" number="155"/>
						<line hits="1" number="158"/>
						<line hits="1" number="159"/>
						<line hits="1" number="162"/>
						<line hits="1" number="163"/>
						<line hits="1" number="166"/>
						<line hits="0" number="167"/>
						<line hits="0" number="168"/>
						<line hits="0" number="169"/>
						<line hits="0" number="171"/>
						<line hits="1" number="172"/>
						<line hits="1" number="173"/>
						<line hits="0" number="174"/>
						<line hits="0" number="175"/>
						<line hits="0" number="177"/>
						<line hits="1" number="178"/>
						<line hits="1" number="179"/>
						<line hits="1" number="180"/>
						<line hits="1" number="182"/>
						<line hits="1" number="184"/>
					</lines>
				</class>
				<class branch-rate="0" complexity="0" filename="sherlock/imports/ned.py" line-rate="0.8467" name="ned.py">
					<methods/>
					<lines>
						<line hits="1" number="3"/>
						<line hits="1" number="9"/>
						<line hits="1" number="10"/>
						<line hits="1" number="11"/>
						<line hits="1" number="12"/>
						<line hits="1" number="13"/>
						<line hits="1" number="14"/>
						<line hits="1" number="15"/>
						<line hits="1" number="16"/>
						<line hits="1" number="17"/>
						<line hits="1" number="18"/>
						<line hits="1" number="19"/>
						<line hits="1" number="20"/>
						<line hits="1" number="21"/>
						<line hits="1" number="22"/>
						<line hits="1" number="23"/>
						<line hits="1" number="24"/>
						<line hits="1" number="25"/>
						<line hits="1" number="26"/>
						<line hits="1" number="27"/>
						<line hits="1" number="28"/>
						<line hits="1" number="29"/>
						<line hits="1" number="31"/>
						<line hits="1" number="80"/>
						<line hits="1" number="106"/>
						<line hits="1" number="108"/>
						<line hits="0" number="109"/>
						<line hits="0" number="111"/>
						<line hits="1" number="115"/>
						<line hits="1" number="118"/>
						<line hits="1" number="120"/>
						<line hits="0" number="122"/>
						<line hits="0" number="124"/>
						<line hits="0" number="160"/>
						<line hits="0" number="165"/>
						<line hits="0" number="166"/>
						<line hits="0" number="168"/>
						<line hits="0" number="169"/>
						<line hits="1" number="171"/>
						<line hits="1" number="187"/>
						<line hits="1" number="192"/>
						<line hits="0" number="203"/>
						<line hits="1" number="204"/>
						<line hits="0" number="206"/>
						<line hits="0" number="208"/>
						<line hits="1" number="210"/>
						<line hits="1" number="220"/>
						<line hits="1" number="222"/>
						<line hits="1" number="225"/>
						<line hits="1" number="231"/>
						<line hits="1" number="232"/>
						<line hits="1" number="233"/>
						<line hits="1" number="234"/>
						<line hits="1" number="235"/>
						<line hits="0" number="236"/>
						<line hits="0" number="237"/>
						<line hits="0" number="238"/>
						<line hits="1" number="240"/>
						<line hits="1" number="246"/>
						<line hits="0" number="247"/>
						<line hits="1" number="250"/>
						<line hits="1" number="270"/>
						<line hits="1" number="277"/>
						<line hits="1" number="291"/>
						<line hits="1" number="301"/>
						<line hits="1" number="302"/>
						<line hits="1" number="304"/>
[...]
						<line hits="1" number="4"/>
						<line hits="1" number="5"/>
						<line hits="1" number="6"/>
						<line hits="1" number="7"/>
						<line hits="1" number="8"/>
						<line hits="1" number="9"/>
						<line hits="1" number="10"/>
						<line hits="1" number="12"/>
						<line hits="1" number="13"/>
						<line hits="1" number="15"/>
						<line hits="1" number="23"/>
						<line hits="1" number="26"/>
						<line hits="1" number="27"/>
						<line hits="1" number="28"/>
						<line hits="1" number="30"/>
						<line hits="1" number="31"/>
						<line hits="0" number="32"/>
						<line hits="0" number="33"/>
						<line hits="1" number="35"/>
						<line hits="1" number="38"/>
						<line hits="0" number="39"/>
						<line hits="1" number="42"/>
						<line hits="1" number="43"/>
						<line hits="1" number="47"/>
						<line hits="1" number="48"/>
						<line hits="1" number="49"/>
						<line hits="1" number="51"/>
						<line hits="1" number="52"/>
						<line hits="1" number="53"/>
						<line hits="1" number="54"/>
						<line hits="0" number="59"/>
						<line hits="0" number="60"/>
						<line hits="1" number="62"/>
						<line hits="1" number="64"/>
						<line hits="1" number="65"/>
						<line hits="1" number="66"/>
						<line hits="1" number="67"/>
						<line hits="1" number="73"/>
						<line hits="1" number="75"/>
						<line hits="1" number="77"/>
						<line hits="1" number="78"/>
						<line hits="1" number="79"/>
						<line hits="0" number="84"/>
						<line hits="0" number="85"/>
						<line hits="1" number="86"/>
						<line hits="1" number="87"/>
						<line hits="1" number="88"/>
					</lines>
				</class>
				<class branch-rate="0" complexity="0" filename="sherlock/imports/tests/test_ned_d.py" line-rate="0.8571" name="test_ned_d.py">
					<methods/>
					<lines>
						<line hits="1" number="1"/>
						<line hits="1" number="2"/>
						<line hits="1" number="3"/>
						<line hits="1" number="4"/>
						<line hits="1" number="5"/>
						<line hits="1" number="6"/>
						<line hits="1" number="7"/>
						<line hits="1" number="8"/>
						<line hits="1" number="9"/>
						<line hits="1" number="10"/>
						<line hits="1" number="12"/>
						<line hits="1" number="13"/>
						<line hits="1" number="15"/>
						<line hits="1" number="23"/>
						<line hits="1" number="26"/>
						<line hits="1" number="27"/>
						<line hits="1" number="28"/>
						<line hits="1" number="30"/>
						<line hits="1" number="31"/>
						<line hits="0" number="32"/>
						<line hits="0" number="33"/>
						<line hits="1" number="35"/>
						<line hits="1" number="38"/>
						<line hits="0" number="39"/>
						<line hits="1" number="42"/>
						<line hits="1" number="43"/>
						<line hits="1" number="47"/>
						<line hits="1" number="48"/>
						<line hits="1" number="49"/>
						<line hits="1" number="51"/>
						<line hits="1" number="52"/>
						<line hits="1" number="53"/>
						<line hits="1" number="54"/>
						<line hits="0" number="59"/>
						<line hits="0" number="60"/>
						<line hits="1" number="62"/>
						<line hits="1" number="64"/>
						<line hits="1" number="66"/>
						<line hits="1" number="67"/>
						<line hits="1" number="74"/>
						<line hits="1" number="76"/>
						<line hits="1" number="78"/>
						<line hits="1" number="79"/>
						<line hits="1" number="80"/>
						<line hits="0" number="85"/>
						<line hits="0" number="86"/>
						<line hits="1" number="87"/>
						<line hits="1" number="88"/>
						<line hits="1" number="89"/>
					</lines>
				</class>
				<class branch-rate="0" complexity="0" filename="sherlock/imports/tests/test_veron.py" line-rate="0.8571" name="test_veron.py">
					<methods/>
					<lines>
						<line hits="1" number="1"/>
						<line hits="1" number="2"/>
						<line hits="1" number="3"/>
						<line hits="1" number="4"/>
						<line hits="1" number="5"/>
						<line hits="1" number="6"/>
						<line hits="1" number="7"/>
						<line hits="1" number="8"/>
						<line hits="1" number="9"/>
						<line hits="1" number="10"/>
						<line hits="1" number="12"/>
						<line hits="1" number="13"/>
						<line hits="1" number="15"/>
						<line hits="1" number="23"/>
						<line hits="1" number="26"/>
						<line hits="1" number="27"/>
						<line hits="1" number="28"/>
						<line hits="1" number="30"/>
						<line hits="1" number="31"/>
						<line hits="0" number="32"/>
						<line hits="0" number="33"/>
						<line hits="1" number="35"/>
						<line hits="1" number="38"/>
						<line hits="0" number="39"/>
						<line hits="1" number="42"/>
						<line hits="1" number="43"/>
						<line hits="1" number="47"/>
						<line hits="1" number="48"/>
						<line hits="1" number="49"/>
						<line hits="1" number="51"/>
						<line hits="1" number="52"/>
						<line hits="1" number="53"/>
						<line hits="1" number="54"/>
						<line hits="0" number="59"/>
						<line hits="0" number="60"/>
						<line hits="1" number="62"/>
						<line hits="1" number="64"/>
						<line hits="1" number="66"/>
						<line hits="1" number="67"/>
						<line hits="1" number="74"/>
						<line hits="1" number="76"/>
						<line hits="1" number="78"/>
						<line hits="1" number="79"/>
						<line hits="1" number="80"/>
						<line hits="0" number="85"/>
						<line hits="0" number="86"/>
						<line hits="1" number="87"/>
						<line hits="1" number="88"/>
						<line hits="1" number="89"/>
					</lines>
				</class>
			</classes>
		</package>
		<package branch-rate="0" complexity="0" line-rate="0.9295" name="sherlock.tests">
			<classes>
				<class branch-rate="0" complexity="0" filename="sherlock/tests/__init__.py" line-rate="1" name="__init__.py">
					<methods/>
					<lines/>
				</class>
				<class branch-rate="0" complexity="0" filename="sherlock/tests/test_catalogue_conesearch.py" line-rate="0.9444" name="test_catalogue_conesearch.py">
					<methods/>
					<lines>
						<line hits="1" number="1"/>
						<line hits="1" number="2"/>
						<line hits="1" number="3"/>
						<line hits="1" number="4"/>
						<line hits="1" number="5"/>
						<line hits="1" number="6"/>
						<line hits="1" number="7"/>
						<line hits="1" number="8"/>
						<line hits="1" number="9"/>
						<line hits="1" number="10"/>
						<line hits="1" number="11"/>
						<line hits="1" number="13"/>
						<line hits="1" number="14"/>
						<line hits="1" number="16"/>
						<line hits="1" number="24"/>
						<line hits="1" number="27"/>
						<line hits="1" number="28"/>
						<line hits="1" number="29"/>
						<line hits="1" number="31"/>
						<line hits="1" number="32"/>
						<line hits="1" number="33"/>
						<line hits="1" number="34"/>
						<line hits="1" number="36"/>
						<line hits="1" number="39"/>
						<line hits="0" number="40"/>
						<line hits="1" number="42"/>
						<line hits="1" number="46"/>
						<line hits="1" number="47"/>
						<line hits="1" number="51"/>
						<line hits="1" number="52"/>
						<line hits="1" number="53"/>
						<line hits="1" number="56"/>
						<line hits="1" number="57"/>
						<line hits="1" number="62"/>
						<line hits="1" number="64"/>
						<line hits="1" number="66"/>
						<line hits="1" number="67"/>
						<line hits="1" number="79"/>
						<line hits="1" number="81"/>
						<line hits="1" number="83"/>
						<line hits="1" number="85"/>
						<line hits="1" number="86"/>
						<line hits="1" number="98"/>
						<line hits="1" number="100"/>
						<line hits="1" number="101"/>
						<line hits="1" number="103"/>
						<line hits="1" number="105"/>
						<line hits="1" number="106"/>
						<line hits="1" number="107"/>
						<line hits="0" number="112"/>
						<line hits="0" number="113"/>
						<line hits="1" number="114"/>
						<line hits="1" number="115"/>
						<line hits="1" number="116"/>
					</lines>
				</class>
				<class branch-rate="0" complexity="0" filename="sherlock/tests/test_cl_utils.py" line-rate="0.9091" name="test_cl_utils.py">
					<methods/>
					<lines>
						<line hits="1" number="1"/>
						<line hits="1" number="2"/>
						<line hits="1" number="3"/>
						<line hits="1" number="4"/>
						<line hits="1" number="5"/>
						<line hits="1" number="6"/>
						<line hits="1" number="7"/>
						<line hits="1" number="8"/>
						<line hits="1" number="9"/>
						<line hits="1" number="10"/>
						<line hits="1" number="11"/>
						<line hits="1" number="12"/>
						<line hits="1" number="13"/>
						<line hits="1" number="15"/>
						<line hits="1" number="16"/>
						<line hits="1" number="18"/>
						<line hits="1" number="26"/>
						<line hits="1" number="29"/>
						<line hits="1" number="30"/>
						<line hits="1" number="31"/>
						<line hits="1" number="33"/>
						<line hits="1" number="34"/>
						<line hits="0" number="35"/>
						<line hits="0" number="36"/>
						<line hits="1" number="38"/>
						<line hits="1" number="41"/>
						<line hits="0" number="42"/>
						<line hits="1" number="45"/>
						<line hits="1" number="47"/>
						<line hits="1" number="49"/>
						<line hits="1" number="50"/>
						<line hits="1" number="51"/>
						<line hits="1" number="52"/>
					</lines>
				</class>
				<class branch-rate="0" complexity="0" filename="sherlock/tests/test_database.py" line-rate="0.902" name="test_database.py">
					<methods/>
					<lines>
						<line hits="1" number="1"/>
						<line hits="1" number="2"/>
						<line hits="1" number="3"/>
						<line hits="1" number="4"/>
						<line hits="1" number="5"/>
						<line hits="1" number="6"/>
						<line hits="1" number="7"/>
						<line hits="1" number="8"/>
						<line hits="1" number="9"/>
						<line hits="1" number="10"/>
						<line hits="1" number="12"/>
						<line hits="1" number="13"/>
						<line hits="1" number="15"/>
						<line hits="1" number="23"/>
						<line hits="1" number="26"/>
						<line hits="1" number="27"/>
						<line hits="1" number="28"/>
						<line hits="1" number="30"/>
						<line hits="1" number="31"/>
						<line hits="0" number="32"/>
						<line hits="0" number="33"/>
						<line hits="1" number="35"/>
						<line hits="1" number="38"/>
						<line hits="0" number="39"/>
						<line hits="1" number="41"/>
						<line hits="1" number="43"/>
						<line hits="1" number="45"/>
						<line hits="1" number="46"/>
						<line hits="1" number="50"/>
						<line hits="1" number="55"/>
						<line hits="1" number="57"/>
						<line hits="1" number="61"/>
						<line hits="1" number="62"/>
						<line hits="1" number="66"/>
						<line hits="1" number="67"/>
						<line hits="1" number="68"/>
						<line hits="1" number="70"/>
						<line hits="1" number="71"/>
						<line hits="1" number="74"/>
						<line hits="1" number="80"/>
						<line hits="1" number="81"/>
						<line hits="1" number="87"/>
						<line hits="1" number="89"/>
						<line hits="1" number="91"/>
						<line hits="1" number="92"/>
						<line hits="1" number="93"/>
						<line hits="0" number="98"/>
						<line hits="0" number="99"/>
						<line hits="1" number="100"/>
						<line hits="1" number="101"/>
						<line hits="1" number="102"/>
					</lines>
				</class>
				<class branch-rate="0" complexity="0" filename="sherlock/tests/test_database_cleaner.py" line-rate="0.8837" name="test_database_cleaner.py">
					<methods/>
					<lines>
						<line hits="1" number="1"/>
						<line hits="1" number="2"/>
						<line hits="1" number="3"/>
						<line hits="1" number="4"/>
						<line hits="1" number="5"/>
						<line hits="1" number="6"/>
						<line hits="1" number="7"/>
						<line hits="1" number="8"/>
						<line hits="1" number="9"/>
						<line hits="1" number="10"/>
						<line hits="1" number="12"/>
						<line hits="1" number="13"/>
						<line hits="1" number="15"/>
						<line hits="1" number="23"/>
						<line hits="1" number="26"/>
						<line hits="1" number="27"/>
						<line hits="1" number="28"/>
						<line hits="1" number="30"/>
						<line hits="1" number="31"/>
						<line hits="0" number="32"/>
						<line hits="0" number="33"/>
						<line hits="1" number="35"/>
						<line hits="1" number="38"/>
						<line hits="0" number="39"/>
						<line hits="1" number="42"/>
						<line hits="1" number="43"/>
						<line hits="1" number="47"/>
						<line hits="1" number="48"/>
						<line hits="1" number="49"/>
						<line hits="1" number="59"/>
						<line hits="1" number="61"/>
						<line hits="1" number="63"/>
						<line hits="1" number="64"/>
						<line hits="1" number="68"/>
						<line hits="1" number="70"/>
						<line hits="1" number="72"/>
						<line hits="1" number="73"/>
						<line hits="1" number="74"/>
						<line hits="0" number="79"/>
						<line hits="0" number="80"/>
						<line hits="1" number="81"/>
						<line hits="1" number="82"/>
						<line hits="1" number="83"/>
					</lines>
				</class>
				<class branch-rate="0" complexity="0" filename="sherlock/tests/test_transient_catalogue_crossmatch.py" line-rate="0.9565" name="test_transient_catalogue_crossmatch.py">
					<methods/>
					<lines>
						<line hits="1" number="1"/>
						<line hits="1" number="2"/>
						<line hits="1" number="3"/>
						<line hits="1" number="4"/>
						<line hits="1" number="5"/>
						<line hits="1" number="6"/>
						<line hits="1" number="7"/>
						<line hits="1" number="8"/>
						<line hits="1" number="9"/>
						<line hits="1" number="10"/>
						<line hits="1" number="12"/>
						<line hits="1" number="13"/>
						<line hits="1" number="15"/>
						<line hits="1" number="23"/>
						<line hits="1" number="26"/>
						<line hits="1" number="27"/>
						<line hits="1" number="28"/>
						<line hits="1" number="30"/>
						<line hits="1" number="31"/>
						<line hits="0" number="32"/>
						<line hits="0" number="33"/>
						<line hits="1" number="35"/>
						<line hits="1" number="38"/>
						<line hits="0" number="39"/>
						<line hits="1" number="41"/>
						<line hits="1" number="45"/>
						<line hits="1" number="46"/>
						<line hits="1" number="50"/>
						<line hits="1" number="51"/>
						<line hits="1" number="52"/>
						<line hits="1" number="54"/>
						<line hits="1" number="55"/>
						<line hits="1" number="60"/>
						<line hits="1" number="163"/>
						<line hits="1" number="165"/>
						<line hits="1" number="167"/>
						<line hits="1" number="169"/>
						<line hits="1" number="170"/>
						<line hits="1" number="177"/>
						<line hits="1" number="179"/>
						<line hits="1" number="183"/>
						<line hits="1" number="184"/>
						<line hits="1" number="191"/>
						<line hits="1" number="192"/>
						<line hits="1" number="193"/>
						<line hits="1" number="194"/>
						<line hits="1" number="201"/>
						<line hits="1" number="203"/>
						<line hits="1" number="210"/>
						<line hits="1" number="212"/>
						<line hits="1" number="219"/>
						<line hits="1" number="221"/>
						<line hits="1" number="222"/>
						<line hits="1" number="223"/>
						<line hits="1" number="230"/>
						<line hits="1" number="232"/>
						<line hits="1" number="233"/>
						<line hits="1" number="234"/>
						<line hits="1" number="241"/>
						<line hits="1" number="243"/>
						<line hits="1" number="245"/>
						<line hits="1" number="246"/>
						<line hits="1" number="253"/>
						<line hits="1" number="254"/>
						<line hits="1" number="255"/>
						<line hits="1" number="262"/>
						<line hits="1" number="264"/>
						<line hits="1" number="265"/>
						<line hits="1" number="266"/>
						<line hits="1" number="273"/>
						<line hits="1" number="275"/>
						<line hits="1" number="277"/>
						<line hits="1" number="278"/>
						<line hits="1" number="286"/>
						<line hits="1" number="287"/>
						<line hits="1" number="288"/>
						<line hits="1" number="295"/>
						<line hits="1" number="296"/>
						<line hits="1" number="298"/>
						<line hits="1" number="299"/>
						<line hits="1" number="300"/>
						<line hits="1" number="307"/>
						<line hits="1" number="308"/>
						<line hits="1" number="310"/>
						<line hits="1" number="311"/>
						<line hits="1" number="312"/>
						<line hits="1" number="319"/>
						<line hits="1" number="320"/>
						<line hits="1" number="322"/>
						<line hits="1" number="324"/>
						<line hits="1" number="325"/>
						<line hits="1" number="333"/>
						<line hits="1" number="334"/>
						<line hits="1" number="335"/>
						<line hits="1" number="342"/>
						<line hits="1" number="343"/>
						<line hits="1" number="345"/>
						<line hits="1" number="346"/>
						<line hits="1" number="347"/>
						<line hits="1" number="354"/>
						<line hits="1" number="355"/>
						<line hits="1" number="357"/>
						<line hits="1" number="358"/>
						<line hits="1" number="359"/>
						<line hits="1" number="366"/>
						<line hits="1" number="367"/>
						<line hits="1" number="369"/>
						<line hits="1" number="371"/>
						<line hits="1" number="372"/>
						<line hits="1" number="373"/>
						<line hits="0" number="378"/>
						<line hits="0" number="379"/>
						<line hits="1" number="380"/>
						<line hits="1" number="381"/>
						<line hits="1" number="382"/>
					</lines>
				</class>
				<class branch-rate="0" complexity="0" filename="sherlock/tests/test_transient_classifier.py" line-rate="0.9315" name="test_transient_classifier.py">
					<methods/>
					<lines>
						<line hits="1" number="1"/>
						<line hits="1" number="2"/>
						<line hits="1" number="3"/>
						<line hits="1" number="4"/>
						<line hits="1" number="5"/>
						<line hits="1" number="6"/>
						<line hits="1" number="7"/>
						<line hits="1" number="8"/>
						<line hits="1" number="9"/>
						<line hits="1" number="10"/>
						<line hits="1" number="12"/>
						<line hits="1" number="13"/>
						<line hits="1" number="15"/>
						<line hits="1" number="23"/>
						<line hits="1" number="26"/>
						<line hits="1" number="27"/>
						<line hits="1" number="28"/>
						<line hits="1" number="30"/>
						<line hits="1" number="31"/>
						<line hits="0" number="32"/>
						<line hits="0" number="33"/>
						<line hits="1" number="35"/>
						<line hits="1" number="38"/>
						<line hits="0" number="39"/>
						<line hits="1" number="41"/>
						<line hits="1" number="45"/>
						<line hits="1" number="46"/>
						<line hits="1" number="50"/>
						<line hits="1" number="51"/>
						<line hits="1" number="52"/>
						<line hits="1" number="54"/>
						<line hits="1" number="55"/>
						<line hits="1" number="62"/>
						<line hits="1" number="64"/>
						<line hits="1" number="66"/>
						<line hits="1" number="67"/>
						<line hits="1" number="73"/>
						<line hits="1" number="75"/>
						<line hits="1" number="77"/>
						<line hits="1" number="78"/>
						<line hits="1" number="85"/>
						<line hits="1" number="87"/>
						<line hits="1" number="89"/>
						<line hits="1" number="90"/>
						<line hits="1" number="99"/>
						<line hits="1" number="101"/>
						<line hits="1" number="103"/>
						<line hits="1" number="104"/>
						<line hits="1" number="109"/>
						<line hits="1" number="114"/>
						<line hits="1" number="116"/>
						<line hits="1" number="117"/>
						<line hits="1" number="125"/>
						<line hits="1" number="127"/>
						<line hits="1" number="129"/>
						<line hits="1" number="130"/>
						<line hits="1" number="134"/>
						<line hits="1" number="135"/>
						<line hits="1" number="136"/>
						<line hits="1" number="138"/>
						<line hits="1" number="139"/>
						<line hits="1" number="144"/>
						<line hits="1" number="145"/>
						<line hits="1" number="149"/>
						<line hits="1" number="151"/>
						<line hits="1" number="153"/>
						<line hits="1" number="154"/>
						<line hits="1" number="155"/>
						<line hits="0" number="160"/>
						<line hits="0" number="161"/>
						<line hits="1" number="162"/>
						<line hits="1" number="163"/>
						<line hits="1" number="164"/>
					</lines>
				</class>
			</classes>
		</package>
	</packages>
</coverage>
